{"/home/travis/build/npmtest/node-npmtest-semantic-release/test.js":{"path":"/home/travis/build/npmtest/node-npmtest-semantic-release/test.js","s":{"1":2,"2":2,"3":2,"4":2,"5":2,"6":2,"7":2,"8":1,"9":2,"10":2,"11":1,"12":1,"13":1,"14":1,"15":2,"16":2,"17":2,"18":2,"19":1,"20":1,"21":2,"22":2,"23":2,"24":1,"25":1,"26":1,"27":1,"28":1,"29":1,"30":1,"31":1,"32":1,"33":1,"34":1,"35":1,"36":1,"37":1,"38":1,"39":2,"40":2,"41":1,"42":2,"43":2,"44":1,"45":2,"46":2,"47":1,"48":2,"49":2,"50":1,"51":1,"52":1,"53":1,"54":1},"b":{"1":[2,1,1,1],"2":[1,1,1,1],"3":[1,1],"4":[1,1],"5":[1,1],"6":[1,1],"7":[1,1],"8":[1,1],"9":[1,1],"10":[1,1,1],"11":[1,1],"12":[1,1],"13":[1,1],"14":[1,1],"15":[1,1],"16":[1,1],"17":[1,1]},"f":{"1":2,"2":2,"3":2,"4":2,"5":2,"6":1,"7":1,"8":1,"9":2,"10":2,"11":2,"12":2,"13":1},"fnMap":{"1":{"name":"(anonymous_1)","line":12,"loc":{"start":{"line":12,"column":1},"end":{"line":12,"column":13}}},"2":{"name":"(anonymous_2)","line":19,"loc":{"start":{"line":19,"column":5},"end":{"line":19,"column":17}}},"3":{"name":"(anonymous_3)","line":23,"loc":{"start":{"line":23,"column":24},"end":{"line":23,"column":36}}},"4":{"name":"(anonymous_4)","line":61,"loc":{"start":{"line":61,"column":5},"end":{"line":61,"column":17}}},"5":{"name":"(anonymous_5)","line":82,"loc":{"start":{"line":82,"column":5},"end":{"line":82,"column":17}}},"6":{"name":"(anonymous_6)","line":91,"loc":{"start":{"line":91,"column":77},"end":{"line":94,"column":10}}},"7":{"name":"(anonymous_7)","line":112,"loc":{"start":{"line":112,"column":83},"end":{"line":115,"column":10}},"skip":true},"8":{"name":"(anonymous_8)","line":123,"loc":{"start":{"line":123,"column":77},"end":{"line":126,"column":10}},"skip":true},"9":{"name":"(anonymous_9)","line":139,"loc":{"start":{"line":139,"column":12},"end":{"line":139,"column":40}},"skip":true},"10":{"name":"(anonymous_10)","line":147,"loc":{"start":{"line":147,"column":77},"end":{"line":150,"column":10}},"skip":true},"11":{"name":"(anonymous_11)","line":158,"loc":{"start":{"line":158,"column":83},"end":{"line":161,"column":10}},"skip":true},"12":{"name":"(anonymous_12)","line":169,"loc":{"start":{"line":169,"column":79},"end":{"line":172,"column":10}},"skip":true},"13":{"name":"(anonymous_13)","line":180,"loc":{"start":{"line":180,"column":75},"end":{"line":183,"column":10}},"skip":true}},"statementMap":{"1":{"start":{"line":12,"column":0},"end":{"line":195,"column":5}},"2":{"start":{"line":14,"column":4},"end":{"line":14,"column":14}},"3":{"start":{"line":19,"column":4},"end":{"line":56,"column":9}},"4":{"start":{"line":21,"column":8},"end":{"line":21,"column":19}},"5":{"start":{"line":23,"column":8},"end":{"line":35,"column":13}},"6":{"start":{"line":24,"column":12},"end":{"line":34,"column":13}},"7":{"start":{"line":25,"column":16},"end":{"line":28,"column":30}},"8":{"start":{"line":30,"column":16},"end":{"line":33,"column":27}},"9":{"start":{"line":37,"column":8},"end":{"line":39,"column":21}},"10":{"start":{"line":40,"column":8},"end":{"line":53,"column":9}},"11":{"start":{"line":43,"column":12},"end":{"line":46,"column":14}},"12":{"start":{"line":47,"column":12},"end":{"line":47,"column":18}},"13":{"start":{"line":50,"column":12},"end":{"line":51,"column":46}},"14":{"start":{"line":52,"column":12},"end":{"line":52,"column":18}},"15":{"start":{"line":55,"column":8},"end":{"line":55,"column":35}},"16":{"start":{"line":61,"column":4},"end":{"line":63,"column":9}},"17":{"start":{"line":62,"column":8},"end":{"line":62,"column":15}},"18":{"start":{"line":64,"column":4},"end":{"line":77,"column":5}},"19":{"start":{"line":70,"column":8},"end":{"line":70,"column":14}},"20":{"start":{"line":76,"column":8},"end":{"line":76,"column":14}},"21":{"start":{"line":82,"column":4},"end":{"line":84,"column":9}},"22":{"start":{"line":83,"column":8},"end":{"line":83,"column":15}},"23":{"start":{"line":85,"column":4},"end":{"line":194,"column":5}},"24":{"start":{"line":91,"column":8},"end":{"line":99,"column":10}},"25":{"start":{"line":98,"column":12},"end":{"line":98,"column":35}},"26":{"start":{"line":102,"column":8},"end":{"line":104,"column":63}},"27":{"start":{"line":105,"column":8},"end":{"line":105,"column":14}},"28":{"start":{"line":112,"column":8},"end":{"line":121,"column":10},"skip":true},"29":{"start":{"line":119,"column":12},"end":{"line":119,"column":55},"skip":true},"30":{"start":{"line":120,"column":12},"end":{"line":120,"column":48},"skip":true},"31":{"start":{"line":123,"column":8},"end":{"line":136,"column":10},"skip":true},"32":{"start":{"line":130,"column":12},"end":{"line":130,"column":76},"skip":true},"33":{"start":{"line":131,"column":12},"end":{"line":131,"column":73},"skip":true},"34":{"start":{"line":132,"column":12},"end":{"line":132,"column":74},"skip":true},"35":{"start":{"line":133,"column":12},"end":{"line":133,"column":79},"skip":true},"36":{"start":{"line":134,"column":12},"end":{"line":134,"column":25},"skip":true},"37":{"start":{"line":135,"column":12},"end":{"line":135,"column":45},"skip":true},"38":{"start":{"line":138,"column":8},"end":{"line":145,"column":14},"skip":true},"39":{"start":{"line":143,"column":16},"end":{"line":143,"column":29},"skip":true},"40":{"start":{"line":144,"column":16},"end":{"line":144,"column":55},"skip":true},"41":{"start":{"line":147,"column":8},"end":{"line":156,"column":10},"skip":true},"42":{"start":{"line":154,"column":12},"end":{"line":154,"column":25},"skip":true},"43":{"start":{"line":155,"column":12},"end":{"line":155,"column":45},"skip":true},"44":{"start":{"line":158,"column":8},"end":{"line":167,"column":10},"skip":true},"45":{"start":{"line":165,"column":12},"end":{"line":165,"column":25},"skip":true},"46":{"start":{"line":166,"column":12},"end":{"line":166,"column":48},"skip":true},"47":{"start":{"line":169,"column":8},"end":{"line":178,"column":10},"skip":true},"48":{"start":{"line":176,"column":12},"end":{"line":176,"column":25},"skip":true},"49":{"start":{"line":177,"column":12},"end":{"line":177,"column":46},"skip":true},"50":{"start":{"line":180,"column":8},"end":{"line":189,"column":10},"skip":true},"51":{"start":{"line":187,"column":12},"end":{"line":187,"column":94},"skip":true},"52":{"start":{"line":188,"column":12},"end":{"line":188,"column":48},"skip":true},"53":{"start":{"line":192,"column":8},"end":{"line":192,"column":35},"skip":true},"54":{"start":{"line":193,"column":8},"end":{"line":193,"column":14},"skip":true}},"branchMap":{"1":{"line":25,"type":"binary-expr","locations":[{"start":{"line":25,"column":23},"end":{"line":25,"column":62}},{"start":{"line":26,"column":20},"end":{"line":26,"column":70}},{"start":{"line":27,"column":20},"end":{"line":27,"column":71}},{"start":{"line":28,"column":20},"end":{"line":28,"column":29}}]},"2":{"line":30,"type":"binary-expr","locations":[{"start":{"line":30,"column":23},"end":{"line":30,"column":37}},{"start":{"line":31,"column":20},"end":{"line":31,"column":61}},{"start":{"line":32,"column":20},"end":{"line":32,"column":70}},{"start":{"line":33,"column":20},"end":{"line":33,"column":26}}]},"3":{"line":37,"type":"cond-expr","locations":[{"start":{"line":38,"column":14},"end":{"line":38,"column":20}},{"start":{"line":39,"column":14},"end":{"line":39,"column":20}}]},"4":{"line":40,"type":"switch","locations":[{"start":{"line":42,"column":8},"end":{"line":47,"column":18}},{"start":{"line":49,"column":8},"end":{"line":52,"column":18}}]},"5":{"line":44,"type":"binary-expr","locations":[{"start":{"line":44,"column":16},"end":{"line":44,"column":44}},{"start":{"line":44,"column":48},"end":{"line":44,"column":66}}]},"6":{"line":50,"type":"binary-expr","locations":[{"start":{"line":50,"column":21},"end":{"line":50,"column":49}},{"start":{"line":50,"column":53},"end":{"line":50,"column":72}}]},"7":{"line":64,"type":"switch","locations":[{"start":{"line":69,"column":4},"end":{"line":70,"column":14}},{"start":{"line":75,"column":4},"end":{"line":76,"column":14}}]},"8":{"line":85,"type":"switch","locations":[{"start":{"line":90,"column":4},"end":{"line":105,"column":14}},{"start":{"line":111,"column":4},"end":{"line":193,"column":14},"skip":true}]},"9":{"line":91,"type":"binary-expr","locations":[{"start":{"line":91,"column":42},"end":{"line":91,"column":73}},{"start":{"line":91,"column":77},"end":{"line":99,"column":9}}]},"10":{"line":102,"type":"binary-expr","locations":[{"start":{"line":102,"column":18},"end":{"line":102,"column":32}},{"start":{"line":103,"column":12},"end":{"line":103,"column":53}},{"start":{"line":104,"column":12},"end":{"line":104,"column":61}}]},"11":{"line":112,"type":"binary-expr","locations":[{"start":{"line":112,"column":45},"end":{"line":112,"column":79},"skip":true},{"start":{"line":112,"column":83},"end":{"line":121,"column":9},"skip":true}]},"12":{"line":123,"type":"binary-expr","locations":[{"start":{"line":123,"column":42},"end":{"line":123,"column":73},"skip":true},{"start":{"line":123,"column":77},"end":{"line":136,"column":9},"skip":true}]},"13":{"line":138,"type":"binary-expr","locations":[{"start":{"line":138,"column":48},"end":{"line":138,"column":85},"skip":true},{"start":{"line":139,"column":12},"end":{"line":145,"column":13},"skip":true}]},"14":{"line":147,"type":"binary-expr","locations":[{"start":{"line":147,"column":42},"end":{"line":147,"column":73},"skip":true},{"start":{"line":147,"column":77},"end":{"line":156,"column":9},"skip":true}]},"15":{"line":158,"type":"binary-expr","locations":[{"start":{"line":158,"column":45},"end":{"line":158,"column":79},"skip":true},{"start":{"line":158,"column":83},"end":{"line":167,"column":9},"skip":true}]},"16":{"line":169,"type":"binary-expr","locations":[{"start":{"line":169,"column":43},"end":{"line":169,"column":75},"skip":true},{"start":{"line":169,"column":79},"end":{"line":178,"column":9},"skip":true}]},"17":{"line":180,"type":"binary-expr","locations":[{"start":{"line":180,"column":41},"end":{"line":180,"column":71},"skip":true},{"start":{"line":180,"column":75},"end":{"line":189,"column":9},"skip":true}]}},"code":["/* istanbul instrument in package npmtest_semantic_release */","/*jslint","    bitwise: true,","    browser: true,","    maxerr: 8,","    maxlen: 96,","    node: true,","    nomen: true,","    regexp: true,","    stupid: true","*/","(function () {","    'use strict';","    var local;","","","","    // run shared js-env code - pre-init","    (function () {","        // init local","        local = {};","        // init modeJs","        local.modeJs = (function () {","            try {","                return typeof navigator.userAgent === 'string' &&","                    typeof document.querySelector('body') === 'object' &&","                    typeof XMLHttpRequest.prototype.open === 'function' &&","                    'browser';","            } catch (errorCaughtBrowser) {","                return module.exports &&","                    typeof process.versions.node === 'string' &&","                    typeof require('http').createServer === 'function' &&","                    'node';","            }","        }());","        // init global","        local.global = local.modeJs === 'browser'","            ? window","            : global;","        switch (local.modeJs) {","        // re-init local from window.local","        case 'browser':","            local = local.global.utility2.objectSetDefault(","                local.global.utility2_rollup || local.global.local,","                local.global.utility2","            );","            break;","        // re-init local from example.js","        case 'node':","            local = (local.global.utility2_rollup || require('utility2'))","                .requireExampleJsFromReadme();","            break;","        }","        // export local","        local.global.local = local;","    }());","","","","    // run shared js-env code - function","    (function () {","        return;","    }());","    switch (local.modeJs) {","","","","    // run browser js-env code - function","    case 'browser':","        break;","","","","    // run node js-env code - function","    case 'node':","        break;","    }","","","","    // run shared js-env code - post-init","    (function () {","        return;","    }());","    switch (local.modeJs) {","","","","    // run browser js-env code - post-init","    case 'browser':","        local.testCase_browser_nullCase = local.testCase_browser_nullCase || function (","            options,","            onError","        ) {","        /*","         * this function will test browsers's null-case handling-behavior-behavior","         */","            onError(null, options);","        };","","        // run tests","        local.nop(local.modeTest &&","            document.querySelector('#testRunButton1') &&","            document.querySelector('#testRunButton1').click());","        break;","","","","    // run node js-env code - post-init","    /* istanbul ignore next */","    case 'node':","        local.testCase_buildApidoc_default = local.testCase_buildApidoc_default || function (","            options,","            onError","        ) {","        /*","         * this function will test buildApidoc's default handling-behavior-behavior","         */","            options = { modulePathList: module.paths };","            local.buildApidoc(options, onError);","        };","","        local.testCase_buildApp_default = local.testCase_buildApp_default || function (","            options,","            onError","        ) {","        /*","         * this function will test buildApp's default handling-behavior-behavior","         */","            local.testCase_buildReadme_default(options, local.onErrorThrow);","            local.testCase_buildLib_default(options, local.onErrorThrow);","            local.testCase_buildTest_default(options, local.onErrorThrow);","            local.testCase_buildCustomOrg_default(options, local.onErrorThrow);","            options = [];","            local.buildApp(options, onError);","        };","","        local.testCase_buildCustomOrg_default = local.testCase_buildCustomOrg_default ||","            function (options, onError) {","            /*","             * this function will test buildCustomOrg's default handling-behavior","             */","                options = {};","                local.buildCustomOrg(options, onError);","            };","","        local.testCase_buildLib_default = local.testCase_buildLib_default || function (","            options,","            onError","        ) {","        /*","         * this function will test buildLib's default handling-behavior","         */","            options = {};","            local.buildLib(options, onError);","        };","","        local.testCase_buildReadme_default = local.testCase_buildReadme_default || function (","            options,","            onError","        ) {","        /*","         * this function will test buildReadme's default handling-behavior-behavior","         */","            options = {};","            local.buildReadme(options, onError);","        };","","        local.testCase_buildTest_default = local.testCase_buildTest_default || function (","            options,","            onError","        ) {","        /*","         * this function will test buildTest's default handling-behavior","         */","            options = {};","            local.buildTest(options, onError);","        };","","        local.testCase_webpage_default = local.testCase_webpage_default || function (","            options,","            onError","        ) {","        /*","         * this function will test webpage's default handling-behavior","         */","            options = { modeCoverageMerge: true, url: local.serverLocalHost + '?modeTest=1' };","            local.browserTest(options, onError);","        };","","        // run test-server","        local.testRunServer(local);","        break;","    }","}());",""],"l":{"12":2,"14":2,"19":2,"21":2,"23":2,"24":2,"25":2,"30":1,"37":2,"40":2,"43":1,"47":1,"50":1,"52":1,"55":2,"61":2,"62":2,"64":2,"70":1,"76":1,"82":2,"83":2,"85":2,"91":1,"98":1,"102":1,"105":1,"112":1,"119":1,"120":1,"123":1,"130":1,"131":1,"132":1,"133":1,"134":1,"135":1,"138":1,"143":2,"144":2,"147":1,"154":2,"155":2,"158":1,"165":2,"166":2,"169":1,"176":2,"177":2,"180":1,"187":1,"188":1,"192":1,"193":1}},"/home/travis/build/npmtest/node-npmtest-semantic-release/lib.npmtest_semantic_release.js":{"path":"/home/travis/build/npmtest/node-npmtest-semantic-release/lib.npmtest_semantic_release.js","s":{"1":2,"2":2,"3":2,"4":2,"5":2,"6":2,"7":2,"8":1,"9":2,"10":2,"11":2,"12":2,"13":1,"14":1,"15":1,"16":1},"b":{"1":[2,1,1,1],"2":[1,1,1,1],"3":[1,1],"4":[2,2],"5":[1,1]},"f":{"1":2,"2":2,"3":2},"fnMap":{"1":{"name":"(anonymous_1)","line":12,"loc":{"start":{"line":12,"column":1},"end":{"line":12,"column":13}}},"2":{"name":"(anonymous_2)","line":19,"loc":{"start":{"line":19,"column":5},"end":{"line":19,"column":17}}},"3":{"name":"(anonymous_3)","line":23,"loc":{"start":{"line":23,"column":24},"end":{"line":23,"column":36}}}},"statementMap":{"1":{"start":{"line":12,"column":0},"end":{"line":53,"column":5}},"2":{"start":{"line":14,"column":4},"end":{"line":14,"column":14}},"3":{"start":{"line":19,"column":4},"end":{"line":52,"column":9}},"4":{"start":{"line":21,"column":8},"end":{"line":21,"column":19}},"5":{"start":{"line":23,"column":8},"end":{"line":35,"column":13}},"6":{"start":{"line":24,"column":12},"end":{"line":34,"column":13}},"7":{"start":{"line":25,"column":16},"end":{"line":28,"column":30}},"8":{"start":{"line":30,"column":16},"end":{"line":33,"column":27}},"9":{"start":{"line":37,"column":8},"end":{"line":39,"column":21}},"10":{"start":{"line":41,"column":8},"end":{"line":41,"column":54}},"11":{"start":{"line":43,"column":8},"end":{"line":43,"column":61}},"12":{"start":{"line":45,"column":8},"end":{"line":51,"column":9}},"13":{"start":{"line":46,"column":12},"end":{"line":46,"column":67}},"14":{"start":{"line":48,"column":12},"end":{"line":48,"column":35}},"15":{"start":{"line":49,"column":12},"end":{"line":49,"column":49}},"16":{"start":{"line":50,"column":12},"end":{"line":50,"column":43}}},"branchMap":{"1":{"line":25,"type":"binary-expr","locations":[{"start":{"line":25,"column":23},"end":{"line":25,"column":62}},{"start":{"line":26,"column":20},"end":{"line":26,"column":70}},{"start":{"line":27,"column":20},"end":{"line":27,"column":71}},{"start":{"line":28,"column":20},"end":{"line":28,"column":29}}]},"2":{"line":30,"type":"binary-expr","locations":[{"start":{"line":30,"column":23},"end":{"line":30,"column":37}},{"start":{"line":31,"column":20},"end":{"line":31,"column":61}},{"start":{"line":32,"column":20},"end":{"line":32,"column":70}},{"start":{"line":33,"column":20},"end":{"line":33,"column":26}}]},"3":{"line":37,"type":"cond-expr","locations":[{"start":{"line":38,"column":14},"end":{"line":38,"column":20}},{"start":{"line":39,"column":14},"end":{"line":39,"column":20}}]},"4":{"line":41,"type":"binary-expr","locations":[{"start":{"line":41,"column":16},"end":{"line":41,"column":44}},{"start":{"line":41,"column":48},"end":{"line":41,"column":53}}]},"5":{"line":45,"type":"if","locations":[{"start":{"line":45,"column":8},"end":{"line":45,"column":8}},{"start":{"line":45,"column":8},"end":{"line":45,"column":8}}]}},"code":["/* istanbul instrument in package npmtest_semantic_release */","/*jslint","    bitwise: true,","    browser: true,","    maxerr: 8,","    maxlen: 96,","    node: true,","    nomen: true,","    regexp: true,","    stupid: true","*/","(function () {","    'use strict';","    var local;","","","","    // run shared js-env code - pre-init","    (function () {","        // init local","        local = {};","        // init modeJs","        local.modeJs = (function () {","            try {","                return typeof navigator.userAgent === 'string' &&","                    typeof document.querySelector('body') === 'object' &&","                    typeof XMLHttpRequest.prototype.open === 'function' &&","                    'browser';","            } catch (errorCaughtBrowser) {","                return module.exports &&","                    typeof process.versions.node === 'string' &&","                    typeof require('http').createServer === 'function' &&","                    'node';","            }","        }());","        // init global","        local.global = local.modeJs === 'browser'","            ? window","            : global;","        // init utility2_rollup","        local = local.global.utility2_rollup || local;","        // init lib","        local.local = local.npmtest_semantic_release = local;","        // init exports","        if (local.modeJs === 'browser') {","            local.global.utility2_npmtest_semantic_release = local;","        } else {","            module.exports = local;","            module.exports.__dirname = __dirname;","            module.exports.module = module;","        }","    }());","}());",""],"l":{"12":2,"14":2,"19":2,"21":2,"23":2,"24":2,"25":2,"30":1,"37":2,"41":2,"43":2,"45":2,"46":1,"48":1,"49":1,"50":1}},"/home/travis/build/npmtest/node-npmtest-semantic-release/example.js":{"path":"/home/travis/build/npmtest/node-npmtest-semantic-release/example.js","s":{"1":2,"2":2,"3":2,"4":2,"5":2,"6":2,"7":2,"8":1,"9":2,"10":2,"11":2,"12":2,"13":1,"14":2,"15":2,"16":2,"17":2,"18":2,"19":0,"20":2,"21":1,"22":1,"23":1,"24":1,"25":1,"26":0,"27":0,"28":1,"29":1,"30":2,"31":0,"32":0,"33":0,"34":1,"35":2,"36":2,"37":3,"38":3,"39":3,"40":3,"41":0,"42":3,"43":3,"44":3,"45":1,"46":3,"47":1,"48":1,"49":1,"50":1,"51":1,"52":1,"53":1,"54":1,"55":1,"56":1,"57":0,"58":1,"59":6,"60":6,"61":1,"62":2,"63":0,"64":2,"65":1,"66":1,"67":0,"68":0,"69":0,"70":0,"71":0,"72":0,"73":0,"74":0,"75":0,"76":0,"77":0,"78":0,"79":0,"80":0,"81":0,"82":0,"83":0},"b":{"1":[2,1,1,1],"2":[1,1,1,1],"3":[1,1],"4":[2,2],"5":[1,1],"6":[1,1],"7":[2,0],"8":[2,1,1,1,1,1],"9":[0,2,0],"10":[1,1],"11":[2,1,1],"12":[1,0],"13":[0,2],"14":[2,0,0,0,0,0,0],"15":[0,3],"16":[3,0],"17":[1,1],"18":[0,1],"19":[1,2,0,2],"20":[1,0],"21":[1,1],"22":[0,0],"23":[0,0],"24":[0,0],"25":[0,0],"26":[0,0],"27":[0,0],"28":[0,0]},"f":{"1":2,"2":2,"3":2,"4":2,"5":2,"6":2,"7":3,"8":3,"9":3,"10":1,"11":6,"12":0},"fnMap":{"1":{"name":"(anonymous_1)","line":26,"loc":{"start":{"line":26,"column":1},"end":{"line":26,"column":13}}},"2":{"name":"(anonymous_2)","line":33,"loc":{"start":{"line":33,"column":5},"end":{"line":33,"column":17}}},"3":{"name":"(anonymous_3)","line":37,"loc":{"start":{"line":37,"column":24},"end":{"line":37,"column":36}}},"4":{"name":"(anonymous_4)","line":69,"loc":{"start":{"line":69,"column":31},"end":{"line":69,"column":48}},"skip":true},"5":{"name":"(anonymous_5)","line":78,"loc":{"start":{"line":78,"column":26},"end":{"line":78,"column":45}},"skip":true},"6":{"name":"(anonymous_6)","line":123,"loc":{"start":{"line":123,"column":33},"end":{"line":123,"column":48}},"skip":true},"7":{"name":"(anonymous_7)","line":125,"loc":{"start":{"line":125,"column":27},"end":{"line":125,"column":39}},"skip":true},"8":{"name":"(anonymous_8)","line":133,"loc":{"start":{"line":133,"column":59},"end":{"line":133,"column":74}},"skip":true},"9":{"name":"(anonymous_9)","line":143,"loc":{"start":{"line":143,"column":45},"end":{"line":143,"column":62}},"skip":true},"10":{"name":"(anonymous_10)","line":144,"loc":{"start":{"line":144,"column":73},"end":{"line":144,"column":92}},"skip":true},"11":{"name":"(anonymous_11)","line":272,"loc":{"start":{"line":272,"column":51},"end":{"line":272,"column":77}},"skip":true},"12":{"name":"(anonymous_12)","line":315,"loc":{"start":{"line":315,"column":32},"end":{"line":315,"column":61}},"skip":true}},"statementMap":{"1":{"start":{"line":26,"column":0},"end":{"line":326,"column":5}},"2":{"start":{"line":28,"column":4},"end":{"line":28,"column":14}},"3":{"start":{"line":33,"column":4},"end":{"line":60,"column":9}},"4":{"start":{"line":35,"column":8},"end":{"line":35,"column":19}},"5":{"start":{"line":37,"column":8},"end":{"line":49,"column":13}},"6":{"start":{"line":38,"column":12},"end":{"line":48,"column":13}},"7":{"start":{"line":39,"column":16},"end":{"line":42,"column":30}},"8":{"start":{"line":44,"column":16},"end":{"line":47,"column":27}},"9":{"start":{"line":51,"column":8},"end":{"line":53,"column":21}},"10":{"start":{"line":55,"column":8},"end":{"line":57,"column":45}},"11":{"start":{"line":59,"column":8},"end":{"line":59,"column":35}},"12":{"start":{"line":61,"column":4},"end":{"line":325,"column":5}},"13":{"start":{"line":69,"column":8},"end":{"line":121,"column":10},"skip":true},"14":{"start":{"line":70,"column":12},"end":{"line":88,"column":13},"skip":true},"15":{"start":{"line":76,"column":16},"end":{"line":87,"column":19},"skip":true},"16":{"start":{"line":79,"column":20},"end":{"line":86,"column":21},"skip":true},"17":{"start":{"line":82,"column":24},"end":{"line":82,"column":43},"skip":true},"18":{"start":{"line":83,"column":24},"end":{"line":83,"column":30},"skip":true},"19":{"start":{"line":85,"column":24},"end":{"line":85,"column":49},"skip":true},"20":{"start":{"line":89,"column":12},"end":{"line":107,"column":13},"skip":true},"21":{"start":{"line":92,"column":16},"end":{"line":102,"column":17},"skip":true},"22":{"start":{"line":93,"column":20},"end":{"line":93,"column":86},"skip":true},"23":{"start":{"line":94,"column":20},"end":{"line":95,"column":45},"skip":true},"24":{"start":{"line":96,"column":20},"end":{"line":96,"column":42},"skip":true},"25":{"start":{"line":97,"column":20},"end":{"line":97,"column":48},"skip":true},"26":{"start":{"line":100,"column":20},"end":{"line":100,"column":85},"skip":true},"27":{"start":{"line":101,"column":20},"end":{"line":101,"column":96},"skip":true},"28":{"start":{"line":103,"column":16},"end":{"line":103,"column":22},"skip":true},"29":{"start":{"line":106,"column":16},"end":{"line":106,"column":22},"skip":true},"30":{"start":{"line":108,"column":12},"end":{"line":120,"column":13},"skip":true},"31":{"start":{"line":114,"column":16},"end":{"line":119,"column":17},"skip":true},"32":{"start":{"line":116,"column":20},"end":{"line":116,"column":78},"skip":true},"33":{"start":{"line":118,"column":20},"end":{"line":118,"column":47},"skip":true},"34":{"start":{"line":123,"column":8},"end":{"line":141,"column":11},"skip":true},"35":{"start":{"line":124,"column":12},"end":{"line":124,"column":54},"skip":true},"36":{"start":{"line":125,"column":12},"end":{"line":140,"column":14},"skip":true},"37":{"start":{"line":126,"column":16},"end":{"line":126,"column":28},"skip":true},"38":{"start":{"line":127,"column":16},"end":{"line":127,"column":69},"skip":true},"39":{"start":{"line":128,"column":16},"end":{"line":128,"column":75},"skip":true},"40":{"start":{"line":129,"column":16},"end":{"line":131,"column":17},"skip":true},"41":{"start":{"line":130,"column":20},"end":{"line":130,"column":27},"skip":true},"42":{"start":{"line":133,"column":16},"end":{"line":137,"column":36},"skip":true},"43":{"start":{"line":134,"column":20},"end":{"line":136,"column":55},"skip":true},"44":{"start":{"line":139,"column":16},"end":{"line":139,"column":57},"skip":true},"45":{"start":{"line":143,"column":8},"end":{"line":147,"column":11},"skip":true},"46":{"start":{"line":144,"column":12},"end":{"line":146,"column":15},"skip":true},"47":{"start":{"line":145,"column":16},"end":{"line":145,"column":70},"skip":true},"48":{"start":{"line":149,"column":8},"end":{"line":149,"column":31},"skip":true},"49":{"start":{"line":150,"column":8},"end":{"line":150,"column":14},"skip":true},"50":{"start":{"line":158,"column":8},"end":{"line":158,"column":31},"skip":true},"51":{"start":{"line":160,"column":8},"end":{"line":160,"column":33},"skip":true},"52":{"start":{"line":161,"column":8},"end":{"line":161,"column":37},"skip":true},"53":{"start":{"line":162,"column":8},"end":{"line":162,"column":35},"skip":true},"54":{"start":{"line":164,"column":8},"end":{"line":164,"column":50},"skip":true},"55":{"start":{"line":166,"column":8},"end":{"line":256,"column":2},"skip":true},"56":{"start":{"line":258,"column":8},"end":{"line":286,"column":9},"skip":true},"57":{"start":{"line":259,"column":12},"end":{"line":269,"column":14},"skip":true},"58":{"start":{"line":271,"column":12},"end":{"line":285,"column":19},"skip":true},"59":{"start":{"line":274,"column":20},"end":{"line":274,"column":35},"skip":true},"60":{"start":{"line":275,"column":20},"end":{"line":284,"column":21},"skip":true},"61":{"start":{"line":277,"column":24},"end":{"line":277,"column":64},"skip":true},"62":{"start":{"line":279,"column":24},"end":{"line":279,"column":40},"skip":true},"63":{"start":{"line":281,"column":24},"end":{"line":281,"column":40},"skip":true},"64":{"start":{"line":283,"column":24},"end":{"line":283,"column":39},"skip":true},"65":{"start":{"line":288,"column":8},"end":{"line":290,"column":9},"skip":true},"66":{"start":{"line":289,"column":12},"end":{"line":289,"column":18},"skip":true},"67":{"start":{"line":291,"column":8},"end":{"line":293,"column":54},"skip":true},"68":{"start":{"line":296,"column":8},"end":{"line":301,"column":37},"skip":true},"69":{"start":{"line":303,"column":8},"end":{"line":303,"column":82},"skip":true},"70":{"start":{"line":306,"column":8},"end":{"line":308,"column":9},"skip":true},"71":{"start":{"line":307,"column":12},"end":{"line":307,"column":82},"skip":true},"72":{"start":{"line":310,"column":8},"end":{"line":312,"column":9},"skip":true},"73":{"start":{"line":311,"column":12},"end":{"line":311,"column":18},"skip":true},"74":{"start":{"line":313,"column":8},"end":{"line":313,"column":54},"skip":true},"75":{"start":{"line":314,"column":8},"end":{"line":314,"column":69},"skip":true},"76":{"start":{"line":315,"column":8},"end":{"line":323,"column":36},"skip":true},"77":{"start":{"line":316,"column":12},"end":{"line":316,"column":61},"skip":true},"78":{"start":{"line":317,"column":12},"end":{"line":320,"column":13},"skip":true},"79":{"start":{"line":318,"column":16},"end":{"line":318,"column":75},"skip":true},"80":{"start":{"line":319,"column":16},"end":{"line":319,"column":23},"skip":true},"81":{"start":{"line":321,"column":12},"end":{"line":321,"column":38},"skip":true},"82":{"start":{"line":322,"column":12},"end":{"line":322,"column":27},"skip":true},"83":{"start":{"line":324,"column":8},"end":{"line":324,"column":14},"skip":true}},"branchMap":{"1":{"line":39,"type":"binary-expr","locations":[{"start":{"line":39,"column":23},"end":{"line":39,"column":62}},{"start":{"line":40,"column":20},"end":{"line":40,"column":70}},{"start":{"line":41,"column":20},"end":{"line":41,"column":71}},{"start":{"line":42,"column":20},"end":{"line":42,"column":29}}]},"2":{"line":44,"type":"binary-expr","locations":[{"start":{"line":44,"column":23},"end":{"line":44,"column":37}},{"start":{"line":45,"column":20},"end":{"line":45,"column":61}},{"start":{"line":46,"column":20},"end":{"line":46,"column":70}},{"start":{"line":47,"column":20},"end":{"line":47,"column":26}}]},"3":{"line":51,"type":"cond-expr","locations":[{"start":{"line":52,"column":14},"end":{"line":52,"column":20}},{"start":{"line":53,"column":14},"end":{"line":53,"column":20}}]},"4":{"line":55,"type":"binary-expr","locations":[{"start":{"line":55,"column":16},"end":{"line":55,"column":44}},{"start":{"line":55,"column":49},"end":{"line":57,"column":43}}]},"5":{"line":55,"type":"cond-expr","locations":[{"start":{"line":56,"column":14},"end":{"line":56,"column":60}},{"start":{"line":57,"column":14},"end":{"line":57,"column":43}}]},"6":{"line":61,"type":"switch","locations":[{"start":{"line":68,"column":4},"end":{"line":150,"column":14},"skip":true},{"start":{"line":156,"column":4},"end":{"line":324,"column":14},"skip":true}]},"7":{"line":70,"type":"if","locations":[{"start":{"line":70,"column":12},"end":{"line":70,"column":12},"skip":true},{"start":{"line":70,"column":12},"end":{"line":70,"column":12},"skip":true}]},"8":{"line":70,"type":"binary-expr","locations":[{"start":{"line":70,"column":16},"end":{"line":70,"column":22},"skip":true},{"start":{"line":70,"column":27},"end":{"line":70,"column":32},"skip":true},{"start":{"line":71,"column":20},"end":{"line":71,"column":39},"skip":true},{"start":{"line":72,"column":20},"end":{"line":72,"column":49},"skip":true},{"start":{"line":73,"column":20},"end":{"line":73,"column":58},"skip":true},{"start":{"line":74,"column":20},"end":{"line":74,"column":69},"skip":true}]},"9":{"line":79,"type":"switch","locations":[{"start":{"line":80,"column":20},"end":{"line":80,"column":33},"skip":true},{"start":{"line":81,"column":20},"end":{"line":83,"column":30},"skip":true},{"start":{"line":84,"column":20},"end":{"line":85,"column":49},"skip":true}]},"10":{"line":89,"type":"switch","locations":[{"start":{"line":90,"column":12},"end":{"line":103,"column":22},"skip":true},{"start":{"line":105,"column":12},"end":{"line":106,"column":22},"skip":true}]},"11":{"line":89,"type":"binary-expr","locations":[{"start":{"line":89,"column":20},"end":{"line":89,"column":25},"skip":true},{"start":{"line":89,"column":29},"end":{"line":89,"column":48},"skip":true},{"start":{"line":89,"column":52},"end":{"line":89,"column":74},"skip":true}]},"12":{"line":92,"type":"if","locations":[{"start":{"line":92,"column":16},"end":{"line":92,"column":16},"skip":true},{"start":{"line":92,"column":16},"end":{"line":92,"column":16},"skip":true}]},"13":{"line":108,"type":"if","locations":[{"start":{"line":108,"column":12},"end":{"line":108,"column":12},"skip":true},{"start":{"line":108,"column":12},"end":{"line":108,"column":12},"skip":true}]},"14":{"line":108,"type":"binary-expr","locations":[{"start":{"line":108,"column":16},"end":{"line":108,"column":61},"skip":true},{"start":{"line":108,"column":66},"end":{"line":108,"column":72},"skip":true},{"start":{"line":108,"column":77},"end":{"line":108,"column":82},"skip":true},{"start":{"line":109,"column":20},"end":{"line":109,"column":39},"skip":true},{"start":{"line":110,"column":20},"end":{"line":110,"column":49},"skip":true},{"start":{"line":111,"column":20},"end":{"line":111,"column":58},"skip":true},{"start":{"line":112,"column":20},"end":{"line":112,"column":68},"skip":true}]},"15":{"line":129,"type":"if","locations":[{"start":{"line":129,"column":16},"end":{"line":129,"column":16},"skip":true},{"start":{"line":129,"column":16},"end":{"line":129,"column":16},"skip":true}]},"16":{"line":134,"type":"cond-expr","locations":[{"start":{"line":135,"column":26},"end":{"line":135,"column":29},"skip":true},{"start":{"line":136,"column":26},"end":{"line":136,"column":54},"skip":true}]},"17":{"line":164,"type":"binary-expr","locations":[{"start":{"line":164,"column":27},"end":{"line":164,"column":43},"skip":true},{"start":{"line":164,"column":47},"end":{"line":164,"column":49},"skip":true}]},"18":{"line":258,"type":"if","locations":[{"start":{"line":258,"column":8},"end":{"line":258,"column":8},"skip":true},{"start":{"line":258,"column":8},"end":{"line":258,"column":8},"skip":true}]},"19":{"line":275,"type":"switch","locations":[{"start":{"line":276,"column":20},"end":{"line":277,"column":64},"skip":true},{"start":{"line":278,"column":20},"end":{"line":279,"column":40},"skip":true},{"start":{"line":280,"column":20},"end":{"line":281,"column":40},"skip":true},{"start":{"line":282,"column":20},"end":{"line":283,"column":39},"skip":true}]},"20":{"line":288,"type":"if","locations":[{"start":{"line":288,"column":8},"end":{"line":288,"column":8},"skip":true},{"start":{"line":288,"column":8},"end":{"line":288,"column":8},"skip":true}]},"21":{"line":288,"type":"binary-expr","locations":[{"start":{"line":288,"column":12},"end":{"line":288,"column":40},"skip":true},{"start":{"line":288,"column":44},"end":{"line":288,"column":67},"skip":true}]},"22":{"line":292,"type":"binary-expr","locations":[{"start":{"line":292,"column":12},"end":{"line":292,"column":50},"skip":true},{"start":{"line":293,"column":12},"end":{"line":293,"column":53},"skip":true}]},"23":{"line":297,"type":"binary-expr","locations":[{"start":{"line":297,"column":12},"end":{"line":297,"column":74},"skip":true},{"start":{"line":298,"column":12},"end":{"line":301,"column":36},"skip":true}]},"24":{"line":303,"type":"binary-expr","locations":[{"start":{"line":303,"column":43},"end":{"line":303,"column":75},"skip":true},{"start":{"line":303,"column":79},"end":{"line":303,"column":81},"skip":true}]},"25":{"line":306,"type":"if","locations":[{"start":{"line":306,"column":8},"end":{"line":306,"column":8},"skip":true},{"start":{"line":306,"column":8},"end":{"line":306,"column":8},"skip":true}]},"26":{"line":310,"type":"if","locations":[{"start":{"line":310,"column":8},"end":{"line":310,"column":8},"skip":true},{"start":{"line":310,"column":8},"end":{"line":310,"column":8},"skip":true}]},"27":{"line":313,"type":"binary-expr","locations":[{"start":{"line":313,"column":27},"end":{"line":313,"column":43},"skip":true},{"start":{"line":313,"column":47},"end":{"line":313,"column":53},"skip":true}]},"28":{"line":317,"type":"if","locations":[{"start":{"line":317,"column":12},"end":{"line":317,"column":12},"skip":true},{"start":{"line":317,"column":12},"end":{"line":317,"column":12},"skip":true}]}},"code":["/*","example.js","","quickstart example","","instruction","    1. save this script as example.js","    2. run the shell command:","        $ npm install npmtest-semantic-release && PORT=8081 node example.js","    3. play with the browser-demo on http://127.0.0.1:8081","*/","","","","/* istanbul instrument in package npmtest_semantic_release */","/*jslint","    bitwise: true,","    browser: true,","    maxerr: 8,","    maxlen: 96,","    node: true,","    nomen: true,","    regexp: true,","    stupid: true","*/","(function () {","    'use strict';","    var local;","","","","    // run shared js-env code - pre-init","    (function () {","        // init local","        local = {};","        // init modeJs","        local.modeJs = (function () {","            try {","                return typeof navigator.userAgent === 'string' &&","                    typeof document.querySelector('body') === 'object' &&","                    typeof XMLHttpRequest.prototype.open === 'function' &&","                    'browser';","            } catch (errorCaughtBrowser) {","                return module.exports &&","                    typeof process.versions.node === 'string' &&","                    typeof require('http').createServer === 'function' &&","                    'node';","            }","        }());","        // init global","        local.global = local.modeJs === 'browser'","            ? window","            : global;","        // init utility2_rollup","        local = local.global.utility2_rollup || (local.modeJs === 'browser'","            ? local.global.utility2_npmtest_semantic_release","            : global.utility2_moduleExports);","        // export local","        local.global.local = local;","    }());","    switch (local.modeJs) {","","","","    // post-init","    // run browser js-env code - post-init","    /* istanbul ignore next */","    case 'browser':","        local.testRunBrowser = function (event) {","            if (!event || (event &&","                    event.currentTarget &&","                    event.currentTarget.className &&","                    event.currentTarget.className.includes &&","                    event.currentTarget.className.includes('onreset'))) {","                // reset output","                Array.from(","                    document.querySelectorAll('body > .resettable')","                ).forEach(function (element) {","                    switch (element.tagName) {","                    case 'INPUT':","                    case 'TEXTAREA':","                        element.value = '';","                        break;","                    default:","                        element.textContent = '';","                    }","                });","            }","            switch (event && event.currentTarget && event.currentTarget.id) {","            case 'testRunButton1':","                // show tests","                if (document.querySelector('#testReportDiv1').style.display === 'none') {","                    document.querySelector('#testReportDiv1').style.display = 'block';","                    document.querySelector('#testRunButton1').textContent =","                        'hide internal test';","                    local.modeTest = true;","                    local.testRunDefault(local);","                // hide tests","                } else {","                    document.querySelector('#testReportDiv1').style.display = 'none';","                    document.querySelector('#testRunButton1').textContent = 'run internal test';","                }","                break;","            // custom-case","            default:","                break;","            }","            if (document.querySelector('#inputTextareaEval1') && (!event || (event &&","                    event.currentTarget &&","                    event.currentTarget.className &&","                    event.currentTarget.className.includes &&","                    event.currentTarget.className.includes('oneval')))) {","                // try to eval input-code","                try {","                    /*jslint evil: true*/","                    eval(document.querySelector('#inputTextareaEval1').value);","                } catch (errorCaught) {","                    console.error(errorCaught);","                }","            }","        };","        // log stderr and stdout to #outputTextareaStdout1","        ['error', 'log'].forEach(function (key) {","            console[key + '_original'] = console[key];","            console[key] = function () {","                var element;","                console[key + '_original'].apply(console, arguments);","                element = document.querySelector('#outputTextareaStdout1');","                if (!element) {","                    return;","                }","                // append text to #outputTextareaStdout1","                element.value += Array.from(arguments).map(function (arg) {","                    return typeof arg === 'string'","                        ? arg","                        : JSON.stringify(arg, null, 4);","                }).join(' ') + '\\n';","                // scroll textarea to bottom","                element.scrollTop = element.scrollHeight;","            };","        });","        // init event-handling","        ['change', 'click', 'keyup'].forEach(function (event) {","            Array.from(document.querySelectorAll('.on' + event)).forEach(function (element) {","                element.addEventListener(event, local.testRunBrowser);","            });","        });","        // run tests","        local.testRunBrowser();","        break;","","","","    // run node js-env code - post-init","    /* istanbul ignore next */","    case 'node':","        // export local","        module.exports = local;","        // require modules","        local.fs = require('fs');","        local.http = require('http');","        local.url = require('url');","        // init assets","        local.assetsDict = local.assetsDict || {};","        /* jslint-ignore-begin */","        local.assetsDict['/assets.index.template.html'] = '\\","<!doctype html>\\n\\","<html lang=\"en\">\\n\\","<head>\\n\\","<meta charset=\"UTF-8\">\\n\\","<meta name=\"viewport\" content=\"width=device-width, initial-scale=1\">\\n\\","<title>{{env.npm_package_name}} (v{{env.npm_package_version}})</title>\\n\\","<style>\\n\\","/*csslint\\n\\","    box-sizing: false,\\n\\","    universal-selector: false\\n\\","*/\\n\\","* {\\n\\","    box-sizing: border-box;\\n\\","}\\n\\","body {\\n\\","    background: #dde;\\n\\","    font-family: Arial, Helvetica, sans-serif;\\n\\","    margin: 2rem;\\n\\","}\\n\\","body > * {\\n\\","    margin-bottom: 1rem;\\n\\","}\\n\\",".utility2FooterDiv {\\n\\","    margin-top: 20px;\\n\\","    text-align: center;\\n\\","}\\n\\","</style>\\n\\","<style>\\n\\","/*csslint\\n\\","*/\\n\\","textarea {\\n\\","    font-family: monospace;\\n\\","    height: 10rem;\\n\\","    width: 100%;\\n\\","}\\n\\","textarea[readonly] {\\n\\","    background: #ddd;\\n\\","}\\n\\","</style>\\n\\","</head>\\n\\","<body>\\n\\","<!-- utility2-comment\\n\\","<div id=\"ajaxProgressDiv1\" style=\"background: #d00; height: 2px; left: 0; margin: 0; padding: 0; position: fixed; top: 0; transition: background 0.5s, width 1.5s; width: 25%;\"></div>\\n\\","utility2-comment -->\\n\\","<h1>\\n\\","<!-- utility2-comment\\n\\","    <a\\n\\","        {{#if env.npm_package_homepage}}\\n\\","        href=\"{{env.npm_package_homepage}}\"\\n\\","        {{/if env.npm_package_homepage}}\\n\\","        target=\"_blank\"\\n\\","    >\\n\\","utility2-comment -->\\n\\","        {{env.npm_package_name}} (v{{env.npm_package_version}})\\n\\","<!-- utility2-comment\\n\\","    </a>\\n\\","utility2-comment -->\\n\\","</h1>\\n\\","<h3>{{env.npm_package_description}}</h3>\\n\\","<!-- utility2-comment\\n\\","<h4><a download href=\"assets.app.js\">download standalone app</a></h4>\\n\\","<button class=\"onclick onreset\" id=\"testRunButton1\">run internal test</button><br>\\n\\","<div id=\"testReportDiv1\" style=\"display: none;\"></div>\\n\\","utility2-comment -->\\n\\","\\n\\","\\n\\","\\n\\","<label>stderr and stdout</label>\\n\\","<textarea class=\"resettable\" id=\"outputTextareaStdout1\" readonly></textarea>\\n\\","<!-- utility2-comment\\n\\","{{#if isRollup}}\\n\\","<script src=\"assets.app.js\"></script>\\n\\","{{#unless isRollup}}\\n\\","utility2-comment -->\\n\\","<script src=\"assets.utility2.rollup.js\"></script>\\n\\","<script src=\"jsonp.utility2._stateInit?callback=window.utility2._stateInit\"></script>\\n\\","<script src=\"assets.npmtest_semantic_release.rollup.js\"></script>\\n\\","<script src=\"assets.example.js\"></script>\\n\\","<script src=\"assets.test.js\"></script>\\n\\","<!-- utility2-comment\\n\\","{{/if isRollup}}\\n\\","utility2-comment -->\\n\\","<div class=\"utility2FooterDiv\">\\n\\","    [ this app was created with\\n\\","    <a href=\"https://github.com/kaizhu256/node-utility2\" target=\"_blank\">utility2</a>\\n\\","    ]\\n\\","</div>\\n\\","</body>\\n\\","</html>\\n\\","';","        /* jslint-ignore-end */","        if (local.templateRender) {","            local.assetsDict['/'] = local.templateRender(","                local.assetsDict['/assets.index.template.html'],","                {","                    env: local.objectSetDefault(local.env, {","                        npm_package_description: 'the greatest app in the world!',","                        npm_package_name: 'my-app',","                        npm_package_nameAlias: 'my_app',","                        npm_package_version: '0.0.1'","                    })","                }","            );","        } else {","            local.assetsDict['/'] = local.assetsDict['/assets.index.template.html']","                .replace((/\\{\\{env\\.(\\w+?)\\}\\}/g), function (match0, match1) {","                    // jslint-hack","                    String(match0);","                    switch (match1) {","                    case 'npm_package_description':","                        return 'the greatest app in the world!';","                    case 'npm_package_name':","                        return 'my-app';","                    case 'npm_package_nameAlias':","                        return 'my_app';","                    case 'npm_package_version':","                        return '0.0.1';","                    }","                });","        }","        // run the cli","        if (local.global.utility2_rollup || module !== require.main) {","            break;","        }","        local.assetsDict['/assets.example.js'] =","            local.assetsDict['/assets.example.js'] ||","            local.fs.readFileSync(__filename, 'utf8');","        // bug-workaround - long $npm_package_buildCustomOrg","        /* jslint-ignore-begin */","        local.assetsDict['/assets.npmtest_semantic_release.rollup.js'] =","            local.assetsDict['/assets.npmtest_semantic_release.rollup.js'] ||","            local.fs.readFileSync(","                local.npmtest_semantic_release.__dirname + '/lib.npmtest_semantic_release.js',","                'utf8'","            ).replace((/^#!/), '//');","        /* jslint-ignore-end */","        local.assetsDict['/favicon.ico'] = local.assetsDict['/favicon.ico'] || '';","        // if $npm_config_timeout_exit exists,","        // then exit this process after $npm_config_timeout_exit ms","        if (Number(process.env.npm_config_timeout_exit)) {","            setTimeout(process.exit, Number(process.env.npm_config_timeout_exit));","        }","        // start server","        if (local.global.utility2_serverHttp1) {","            break;","        }","        process.env.PORT = process.env.PORT || '8081';","        console.error('server starting on port ' + process.env.PORT);","        local.http.createServer(function (request, response) {","            request.urlParsed = local.url.parse(request.url);","            if (local.assetsDict[request.urlParsed.pathname] !== undefined) {","                response.end(local.assetsDict[request.urlParsed.pathname]);","                return;","            }","            response.statusCode = 404;","            response.end();","        }).listen(process.env.PORT);","        break;","    }","}());",""],"l":{"26":2,"28":2,"33":2,"35":2,"37":2,"38":2,"39":2,"44":1,"51":2,"55":2,"59":2,"61":2,"69":1,"70":2,"76":2,"79":2,"82":2,"83":2,"85":1,"89":2,"92":1,"93":1,"94":1,"96":1,"97":1,"100":1,"101":1,"103":1,"106":1,"108":2,"114":1,"116":1,"118":1,"123":1,"124":2,"125":2,"126":3,"127":3,"128":3,"129":3,"130":1,"133":3,"134":3,"139":3,"143":1,"144":3,"145":1,"149":1,"150":1,"158":1,"160":1,"161":1,"162":1,"164":1,"166":1,"258":1,"259":1,"271":1,"274":6,"275":6,"277":1,"279":2,"281":1,"283":2,"288":1,"289":1,"291":1,"296":1,"303":1,"306":1,"307":1,"310":1,"311":1,"313":1,"314":1,"315":1,"316":1,"317":1,"318":1,"319":1,"321":1,"322":1,"324":1}},"/home/travis/build/npmtest/node-npmtest-semantic-release/node_modules/semantic-release/bin/semantic-release.js":{"path":"/home/travis/build/npmtest/node-npmtest-semantic-release/node_modules/semantic-release/bin/semantic-release.js","s":{"1":1,"2":1,"3":1,"4":1,"5":1,"6":1,"7":1,"8":1,"9":1,"10":1,"11":1,"12":1,"13":1,"14":1,"15":1,"16":1,"17":1,"18":1,"19":1,"20":0,"21":0,"22":1,"23":1,"24":1,"25":1,"26":1,"27":1,"28":0,"29":1,"30":1,"31":1,"32":1,"33":2,"34":1,"35":1,"36":1,"37":0,"38":0,"39":0,"40":0,"41":0,"42":0,"43":0,"44":0,"45":0,"46":0,"47":0,"48":0,"49":0,"50":0,"51":0,"52":0,"53":0,"54":0,"55":0,"56":0,"57":0,"58":0,"59":0,"60":0,"61":0,"62":0,"63":0,"64":0,"65":0,"66":0,"67":0,"68":0,"69":0,"70":0,"71":0,"72":0,"73":0,"74":0,"75":0,"76":0,"77":0,"78":0,"79":1,"80":0,"81":0,"82":0,"83":0,"84":0,"85":0,"86":1},"b":{"1":[1,1],"2":[0,1],"3":[1,1,0],"4":[1,1],"5":[0,1],"6":[1,0],"7":[0,1],"8":[0,0],"9":[0,0],"10":[0,0],"11":[0,0],"12":[0,0],"13":[0,0],"14":[0,0],"15":[0,0],"16":[0,0],"17":[0,0],"18":[0,0],"19":[0,0],"20":[0,1],"21":[0,0],"22":[0,0]},"f":{"1":1,"2":1,"3":2,"4":0,"5":0,"6":0,"7":0},"fnMap":{"1":{"name":"(anonymous_1)","line":29,"loc":{"start":{"line":29,"column":32},"end":{"line":29,"column":54}}},"2":{"name":"(anonymous_2)","line":45,"loc":{"start":{"line":45,"column":17},"end":{"line":45,"column":38}}},"3":{"name":"(anonymous_3)","line":81,"loc":{"start":{"line":81,"column":17},"end":{"line":81,"column":32}}},"4":{"name":"(anonymous_4)","line":90,"loc":{"start":{"line":90,"column":37},"end":{"line":90,"column":52}}},"5":{"name":"(anonymous_5)","line":110,"loc":{"start":{"line":110,"column":27},"end":{"line":110,"column":42}}},"6":{"name":"(anonymous_6)","line":115,"loc":{"start":{"line":115,"column":38},"end":{"line":115,"column":62}}},"7":{"name":"(anonymous_7)","line":154,"loc":{"start":{"line":154,"column":35},"end":{"line":154,"column":70}}}},"statementMap":{"1":{"start":{"line":3,"column":0},"end":{"line":3,"column":22}},"2":{"start":{"line":4,"column":0},"end":{"line":4,"column":26}},"3":{"start":{"line":5,"column":0},"end":{"line":5,"column":24}},"4":{"start":{"line":7,"column":0},"end":{"line":7,"column":25}},"5":{"start":{"line":8,"column":0},"end":{"line":8,"column":27}},"6":{"start":{"line":9,"column":0},"end":{"line":9,"column":26}},"7":{"start":{"line":10,"column":0},"end":{"line":10,"column":32}},"8":{"start":{"line":11,"column":0},"end":{"line":11,"column":53}},"9":{"start":{"line":13,"column":0},"end":{"line":13,"column":32}},"10":{"start":{"line":14,"column":0},"end":{"line":14,"column":21}},"11":{"start":{"line":15,"column":0},"end":{"line":15,"column":55}},"12":{"start":{"line":16,"column":0},"end":{"line":16,"column":34}},"13":{"start":{"line":17,"column":0},"end":{"line":17,"column":18}},"14":{"start":{"line":18,"column":0},"end":{"line":27,"column":1}},"15":{"start":{"line":28,"column":0},"end":{"line":42,"column":1}},"16":{"start":{"line":30,"column":4},"end":{"line":30,"column":27}},"17":{"start":{"line":43,"column":0},"end":{"line":43,"column":52}},"18":{"start":{"line":45,"column":0},"end":{"line":165,"column":2}},"19":{"start":{"line":46,"column":2},"end":{"line":49,"column":3}},"20":{"start":{"line":47,"column":4},"end":{"line":47,"column":56}},"21":{"start":{"line":48,"column":4},"end":{"line":48,"column":19}},"22":{"start":{"line":51,"column":2},"end":{"line":59,"column":3}},"23":{"start":{"line":62,"column":2},"end":{"line":62,"column":52}},"24":{"start":{"line":64,"column":2},"end":{"line":64,"column":26}},"25":{"start":{"line":66,"column":2},"end":{"line":72,"column":3}},"26":{"start":{"line":74,"column":2},"end":{"line":74,"column":15}},"27":{"start":{"line":75,"column":2},"end":{"line":75,"column":51}},"28":{"start":{"line":75,"column":27},"end":{"line":75,"column":51}},"29":{"start":{"line":77,"column":2},"end":{"line":77,"column":62}},"30":{"start":{"line":78,"column":2},"end":{"line":78,"column":42}},"31":{"start":{"line":80,"column":2},"end":{"line":80,"column":51}},"32":{"start":{"line":81,"column":2},"end":{"line":83,"column":4}},"33":{"start":{"line":82,"column":4},"end":{"line":82,"column":51}},"34":{"start":{"line":84,"column":2},"end":{"line":84,"column":36}},"35":{"start":{"line":84,"column":21},"end":{"line":84,"column":36}},"36":{"start":{"line":86,"column":2},"end":{"line":164,"column":3}},"37":{"start":{"line":87,"column":4},"end":{"line":87,"column":45}},"38":{"start":{"line":88,"column":4},"end":{"line":88,"column":46}},"39":{"start":{"line":90,"column":4},"end":{"line":150,"column":6}},"40":{"start":{"line":91,"column":6},"end":{"line":94,"column":7}},"41":{"start":{"line":92,"column":8},"end":{"line":92,"column":65}},"42":{"start":{"line":93,"column":8},"end":{"line":93,"column":43}},"43":{"start":{"line":93,"column":28},"end":{"line":93,"column":43}},"44":{"start":{"line":96,"column":6},"end":{"line":96,"column":55}},"45":{"start":{"line":97,"column":6},"end":{"line":97,"column":28}},"46":{"start":{"line":99,"column":6},"end":{"line":108,"column":7}},"47":{"start":{"line":102,"column":8},"end":{"line":102,"column":56}},"48":{"start":{"line":103,"column":8},"end":{"line":103,"column":52}},"49":{"start":{"line":104,"column":8},"end":{"line":104,"column":25}},"50":{"start":{"line":105,"column":13},"end":{"line":108,"column":7}},"51":{"start":{"line":106,"column":8},"end":{"line":106,"column":69}},"52":{"start":{"line":107,"column":8},"end":{"line":107,"column":25}},"53":{"start":{"line":110,"column":6},"end":{"line":149,"column":8}},"54":{"start":{"line":111,"column":8},"end":{"line":111,"column":75}},"55":{"start":{"line":111,"column":17},"end":{"line":111,"column":75}},"56":{"start":{"line":113,"column":8},"end":{"line":113,"column":72}},"57":{"start":{"line":113,"column":24},"end":{"line":113,"column":72}},"58":{"start":{"line":115,"column":8},"end":{"line":148,"column":10}},"59":{"start":{"line":116,"column":10},"end":{"line":123,"column":11}},"60":{"start":{"line":117,"column":12},"end":{"line":117,"column":64}},"61":{"start":{"line":119,"column":12},"end":{"line":119,"column":78}},"62":{"start":{"line":120,"column":12},"end":{"line":120,"column":47}},"63":{"start":{"line":120,"column":27},"end":{"line":120,"column":47}},"64":{"start":{"line":121,"column":12},"end":{"line":121,"column":38}},"65":{"start":{"line":122,"column":12},"end":{"line":122,"column":27}},"66":{"start":{"line":125,"column":10},"end":{"line":125,"column":90}},"67":{"start":{"line":127,"column":10},"end":{"line":127,"column":37}},"68":{"start":{"line":129,"column":10},"end":{"line":132,"column":11}},"69":{"start":{"line":130,"column":12},"end":{"line":130,"column":81}},"70":{"start":{"line":131,"column":12},"end":{"line":131,"column":27}},"71":{"start":{"line":134,"column":10},"end":{"line":141,"column":11}},"72":{"start":{"line":135,"column":12},"end":{"line":135,"column":81}},"73":{"start":{"line":136,"column":12},"end":{"line":136,"column":48}},"74":{"start":{"line":137,"column":12},"end":{"line":137,"column":90}},"75":{"start":{"line":138,"column":12},"end":{"line":138,"column":94}},"76":{"start":{"line":140,"column":12},"end":{"line":140,"column":67}},"77":{"start":{"line":143,"column":10},"end":{"line":145,"column":23}},"78":{"start":{"line":147,"column":10},"end":{"line":147,"column":86}},"79":{"start":{"line":151,"column":9},"end":{"line":164,"column":3}},"80":{"start":{"line":152,"column":4},"end":{"line":152,"column":47}},"81":{"start":{"line":154,"column":4},"end":{"line":161,"column":6}},"82":{"start":{"line":155,"column":6},"end":{"line":158,"column":7}},"83":{"start":{"line":156,"column":8},"end":{"line":156,"column":66}},"84":{"start":{"line":157,"column":8},"end":{"line":157,"column":23}},"85":{"start":{"line":160,"column":6},"end":{"line":160,"column":95}},"86":{"start":{"line":163,"column":4},"end":{"line":163,"column":108}}},"branchMap":{"1":{"line":39,"type":"binary-expr","locations":[{"start":{"line":39,"column":17},"end":{"line":39,"column":29}},{"start":{"line":39,"column":33},"end":{"line":39,"column":49}}]},"2":{"line":46,"type":"if","locations":[{"start":{"line":46,"column":2},"end":{"line":46,"column":2}},{"start":{"line":46,"column":2},"end":{"line":46,"column":2}}]},"3":{"line":58,"type":"binary-expr","locations":[{"start":{"line":58,"column":9},"end":{"line":58,"column":38}},{"start":{"line":58,"column":42},"end":{"line":58,"column":57}},{"start":{"line":58,"column":61},"end":{"line":58,"column":69}}]},"4":{"line":58,"type":"binary-expr","locations":[{"start":{"line":58,"column":10},"end":{"line":58,"column":27}},{"start":{"line":58,"column":31},"end":{"line":58,"column":33}}]},"5":{"line":75,"type":"if","locations":[{"start":{"line":75,"column":2},"end":{"line":75,"column":2}},{"start":{"line":75,"column":2},"end":{"line":75,"column":2}}]},"6":{"line":84,"type":"if","locations":[{"start":{"line":84,"column":2},"end":{"line":84,"column":2}},{"start":{"line":84,"column":2},"end":{"line":84,"column":2}}]},"7":{"line":86,"type":"if","locations":[{"start":{"line":86,"column":2},"end":{"line":86,"column":2}},{"start":{"line":86,"column":2},"end":{"line":86,"column":2}}]},"8":{"line":91,"type":"if","locations":[{"start":{"line":91,"column":6},"end":{"line":91,"column":6}},{"start":{"line":91,"column":6},"end":{"line":91,"column":6}}]},"9":{"line":92,"type":"cond-expr","locations":[{"start":{"line":92,"column":28},"end":{"line":92,"column":34}},{"start":{"line":92,"column":37},"end":{"line":92,"column":44}}]},"10":{"line":93,"type":"if","locations":[{"start":{"line":93,"column":8},"end":{"line":93,"column":8}},{"start":{"line":93,"column":8},"end":{"line":93,"column":8}}]},"11":{"line":99,"type":"if","locations":[{"start":{"line":99,"column":6},"end":{"line":99,"column":6}},{"start":{"line":99,"column":6},"end":{"line":99,"column":6}}]},"12":{"line":99,"type":"binary-expr","locations":[{"start":{"line":99,"column":10},"end":{"line":99,"column":27}},{"start":{"line":99,"column":31},"end":{"line":99,"column":44}}]},"13":{"line":105,"type":"if","locations":[{"start":{"line":105,"column":13},"end":{"line":105,"column":13}},{"start":{"line":105,"column":13},"end":{"line":105,"column":13}}]},"14":{"line":111,"type":"if","locations":[{"start":{"line":111,"column":8},"end":{"line":111,"column":8}},{"start":{"line":111,"column":8},"end":{"line":111,"column":8}}]},"15":{"line":113,"type":"if","locations":[{"start":{"line":113,"column":8},"end":{"line":113,"column":8}},{"start":{"line":113,"column":8},"end":{"line":113,"column":8}}]},"16":{"line":116,"type":"if","locations":[{"start":{"line":116,"column":10},"end":{"line":116,"column":10}},{"start":{"line":116,"column":10},"end":{"line":116,"column":10}}]},"17":{"line":119,"type":"cond-expr","locations":[{"start":{"line":119,"column":43},"end":{"line":119,"column":57}},{"start":{"line":119,"column":60},"end":{"line":119,"column":62}}]},"18":{"line":120,"type":"if","locations":[{"start":{"line":120,"column":12},"end":{"line":120,"column":12}},{"start":{"line":120,"column":12},"end":{"line":120,"column":12}}]},"19":{"line":129,"type":"if","locations":[{"start":{"line":129,"column":10},"end":{"line":129,"column":10}},{"start":{"line":129,"column":10},"end":{"line":129,"column":10}}]},"20":{"line":151,"type":"if","locations":[{"start":{"line":151,"column":9},"end":{"line":151,"column":9}},{"start":{"line":151,"column":9},"end":{"line":151,"column":9}}]},"21":{"line":155,"type":"if","locations":[{"start":{"line":155,"column":6},"end":{"line":155,"column":6}},{"start":{"line":155,"column":6},"end":{"line":155,"column":6}}]},"22":{"line":160,"type":"cond-expr","locations":[{"start":{"line":160,"column":39},"end":{"line":160,"column":50}},{"start":{"line":160,"column":53},"end":{"line":160,"column":64}}]}},"code":["//#!/usr/bin/env node","","var fs = require('fs')","var path = require('path')","var url = require('url')","","var _ = require('lodash')","var log = require('npmlog')","var nopt = require('nopt')","var npmconf = require('npmconf')","var normalizeData = require('normalize-package-data')","","log.heading = 'semantic-release'","var env = process.env","var pkg = JSON.parse(fs.readFileSync('./package.json'))","var originalPkg = _.cloneDeep(pkg)","normalizeData(pkg)","var knownOptions = {","  branch: String,","  debug: Boolean,","  'github-token': String,","  'github-url': String,","  'analyze-commits': [path, String],","  'generate-notes': [path, String],","  'verify-conditions': [path, String],","  'verify-release': [path, String]","}","var options = _.defaults(","  _.mapKeys(nopt(knownOptions), function (value, key) {","    return _.camelCase(key)","  }),","  pkg.release,","  {","    branch: 'master',","    fallbackTags: {","      next: 'latest'","    },","    debug: !env.CI,","    githubToken: env.GH_TOKEN || env.GITHUB_TOKEN,","    githubUrl: env.GH_URL","  }",")","var plugins = require('../src/lib/plugins')(options)","","npmconf.load({}, function (err, conf) {","  if (err) {","    log.error('init', 'Failed to load npm config.', err)","    process.exit(1)","  }","","  var npm = {","    auth: {","      token: env.NPM_TOKEN","    },","    cafile: conf.get('cafile'),","    loglevel: conf.get('loglevel'),","    registry: require('../src/lib/get-registry')(pkg, conf),","    tag: (pkg.publishConfig || {}).tag || conf.get('tag') || 'latest'","  }","","  // normalize trailing slash","  npm.registry = url.format(url.parse(npm.registry))","","  log.level = npm.loglevel","","  var config = {","    env: env,","    pkg: pkg,","    options: options,","    plugins: plugins,","    npm: npm","  }","","  var hide = {}","  if (options.githubToken) hide.githubToken = '***'","","  log.verbose('init', 'options:', _.assign({}, options, hide))","  log.verbose('init', 'Verifying config.')","","  var errors = require('../src/lib/verify')(config)","  errors.forEach(function (err) {","    log.error('init', err.message + ' ' + err.code)","  })","  if (errors.length) process.exit(1)","","  if (options.argv.remain[0] === 'pre') {","    log.verbose('pre', 'Running pre-script.')","    log.verbose('pre', 'Veriying conditions.')","","    plugins.verifyConditions(config, function (err) {","      if (err) {","        log[options.debug ? 'warn' : 'error']('pre', err.message)","        if (!options.debug) process.exit(1)","      }","","      var nerfDart = require('nerf-dart')(npm.registry)","      var wroteNpmRc = false","","      if (env.NPM_OLD_TOKEN && env.NPM_EMAIL) {","        // Using the old auth token format is not considered part of the public API","        // This might go away anytime (i.e. once we have a better testing strategy)","        conf.set('_auth', '${NPM_OLD_TOKEN}', 'project')","        conf.set('email', '${NPM_EMAIL}', 'project')","        wroteNpmRc = true","      } else if (env.NPM_TOKEN) {","        conf.set(nerfDart + ':_authToken', '${NPM_TOKEN}', 'project')","        wroteNpmRc = true","      }","","      conf.save('project', function (err) {","        if (err) return log.error('pre', 'Failed to save npm config.', err)","","        if (wroteNpmRc) log.verbose('pre', 'Wrote authToken to .npmrc.')","","        require('../src/pre')(config, function (err, release) {","          if (err) {","            log.error('pre', 'Failed to determine new version.')","","            var args = ['pre', (err.code ? err.code + ' ' : '') + err.message]","            if (err.stack) args.push(err.stack)","            log.error.apply(log, args)","            process.exit(1)","          }","","          var message = 'Determined version ' + release.version + ' as \"' + npm.tag + '\".'","","          log.verbose('pre', message)","","          if (options.debug) {","            log.error('pre', message + ' Not publishing in debug mode.', release)","            process.exit(1)","          }","","          try {","            var shrinkwrap = JSON.parse(fs.readFileSync('./npm-shrinkwrap.json'))","            shrinkwrap.version = release.version","            fs.writeFileSync('./npm-shrinkwrap.json', JSON.stringify(shrinkwrap, null, 2))","            log.verbose('pre', 'Wrote version ' + release.version + 'to npm-shrinkwrap.json.')","          } catch (e) {","            log.silly('pre', 'Couldn\\'t find npm-shrinkwrap.json.')","          }","","          fs.writeFileSync('./package.json', JSON.stringify(_.assign(originalPkg, {","            version: release.version","          }), null, 2))","","          log.verbose('pre', 'Wrote version ' + release.version + ' to package.json.')","        })","      })","    })","  } else if (options.argv.remain[0] === 'post') {","    log.verbose('post', 'Running post-script.')","","    require('../src/post')(config, function (err, published, release) {","      if (err) {","        log.error('post', 'Failed to publish release notes.', err)","        process.exit(1)","      }","","      log.verbose('post', (published ? 'Published' : 'Generated') + ' release notes.', release)","    })","  } else {","    log.error('post', 'Command \"' + options.argv.remain[0] + '\" not recognized. Use either \"pre\" or \"post\"')","  }","})",""],"l":{"3":1,"4":1,"5":1,"7":1,"8":1,"9":1,"10":1,"11":1,"13":1,"14":1,"15":1,"16":1,"17":1,"18":1,"28":1,"30":1,"43":1,"45":1,"46":1,"47":0,"48":0,"51":1,"62":1,"64":1,"66":1,"74":1,"75":1,"77":1,"78":1,"80":1,"81":1,"82":2,"84":1,"86":1,"87":0,"88":0,"90":0,"91":0,"92":0,"93":0,"96":0,"97":0,"99":0,"102":0,"103":0,"104":0,"105":0,"106":0,"107":0,"110":0,"111":0,"113":0,"115":0,"116":0,"117":0,"119":0,"120":0,"121":0,"122":0,"125":0,"127":0,"129":0,"130":0,"131":0,"134":0,"135":0,"136":0,"137":0,"138":0,"140":0,"143":0,"147":0,"151":1,"152":0,"154":0,"155":0,"156":0,"157":0,"160":0,"163":1}},"/home/travis/build/npmtest/node-npmtest-semantic-release/node_modules/semantic-release/src/lib/plugins.js":{"path":"/home/travis/build/npmtest/node-npmtest-semantic-release/node_modules/semantic-release/src/lib/plugins.js","s":{"1":1,"2":1,"3":1,"4":1,"5":1,"6":2,"7":2,"8":2,"9":0,"10":0,"11":0,"12":0,"13":1,"14":1,"15":5,"16":0,"17":5,"18":0,"19":5},"b":{"1":[2,0],"2":[1,1],"3":[0,5],"4":[0,5],"5":[5,0]},"f":{"1":1,"2":2,"3":0,"4":0,"5":5},"fnMap":{"1":{"name":"(anonymous_1)","line":4,"loc":{"start":{"line":4,"column":31},"end":{"line":4,"column":50}}},"2":{"name":"(anonymous_2)","line":11,"loc":{"start":{"line":11,"column":49},"end":{"line":11,"column":67}}},"3":{"name":"(anonymous_3)","line":22,"loc":{"start":{"line":22,"column":22},"end":{"line":22,"column":51}}},"4":{"name":"(anonymous_4)","line":23,"loc":{"start":{"line":23,"column":38},"end":{"line":23,"column":54}}},"5":{"name":"(anonymous_5)","line":34,"loc":{"start":{"line":34,"column":20},"end":{"line":34,"column":54}}}},"statementMap":{"1":{"start":{"line":1,"column":0},"end":{"line":1,"column":42}},"2":{"start":{"line":2,"column":0},"end":{"line":2,"column":34}},"3":{"start":{"line":4,"column":0},"end":{"line":32,"column":1}},"4":{"start":{"line":5,"column":2},"end":{"line":11,"column":3}},"5":{"start":{"line":11,"column":3},"end":{"line":29,"column":4}},"6":{"start":{"line":12,"column":4},"end":{"line":20,"column":5}},"7":{"start":{"line":13,"column":6},"end":{"line":18,"column":7}},"8":{"start":{"line":19,"column":6},"end":{"line":19,"column":12}},"9":{"start":{"line":22,"column":4},"end":{"line":28,"column":5}},"10":{"start":{"line":23,"column":6},"end":{"line":25,"column":8}},"11":{"start":{"line":24,"column":8},"end":{"line":24,"column":81}},"12":{"start":{"line":27,"column":6},"end":{"line":27,"column":23}},"13":{"start":{"line":31,"column":2},"end":{"line":31,"column":16}},"14":{"start":{"line":34,"column":0},"end":{"line":42,"column":1}},"15":{"start":{"line":35,"column":2},"end":{"line":35,"column":84}},"16":{"start":{"line":35,"column":40},"end":{"line":35,"column":84}},"17":{"start":{"line":37,"column":2},"end":{"line":39,"column":3}},"18":{"start":{"line":38,"column":4},"end":{"line":38,"column":63}},"19":{"start":{"line":41,"column":2},"end":{"line":41,"column":51}}},"branchMap":{"1":{"line":12,"type":"if","locations":[{"start":{"line":12,"column":4},"end":{"line":12,"column":4}},{"start":{"line":12,"column":4},"end":{"line":12,"column":4}}]},"2":{"line":15,"type":"cond-expr","locations":[{"start":{"line":16,"column":12},"end":{"line":16,"column":48}},{"start":{"line":17,"column":12},"end":{"line":17,"column":27}}]},"3":{"line":35,"type":"if","locations":[{"start":{"line":35,"column":2},"end":{"line":35,"column":2}},{"start":{"line":35,"column":2},"end":{"line":35,"column":2}}]},"4":{"line":37,"type":"if","locations":[{"start":{"line":37,"column":2},"end":{"line":37,"column":2}},{"start":{"line":37,"column":2},"end":{"line":37,"column":2}}]},"5":{"line":37,"type":"binary-expr","locations":[{"start":{"line":37,"column":6},"end":{"line":37,"column":18}},{"start":{"line":37,"column":23},"end":{"line":37,"column":60}}]}},"code":["var relative = require('require-relative')","var series = require('run-series')","","var exports = module.exports = function (options) {","  var plugins = {","    analyzeCommits: exports.normalize(options.analyzeCommits, '@semantic-release/commit-analyzer'),","    generateNotes: exports.normalize(options.generateNotes, '@semantic-release/release-notes-generator'),","    getLastRelease: exports.normalize(options.getLastRelease, '@semantic-release/last-release-npm')","  }","","  ;['verifyConditions', 'verifyRelease'].forEach(function (plugin) {","    if (!Array.isArray(options[plugin])) {","      plugins[plugin] = exports.normalize(","        options[plugin],","        plugin === 'verifyConditions'","          ? '@semantic-release/condition-travis'","          : './plugin-noop'","      )","      return","    }","","    plugins[plugin] = function (pluginOptions, cb) {","      var tasks = options[plugin].map(function (step) {","        return exports.normalize(step, './plugin-noop').bind(null, pluginOptions)","      })","","      series(tasks, cb)","    }","  })","","  return plugins","}","","exports.normalize = function (pluginConfig, fallback) {","  if (typeof pluginConfig === 'string') return relative(pluginConfig).bind(null, {})","","  if (pluginConfig && (typeof pluginConfig.path === 'string')) {","    return relative(pluginConfig.path).bind(null, pluginConfig)","  }","","  return require(fallback).bind(null, pluginConfig)","}",""],"l":{"1":1,"2":1,"4":1,"5":1,"11":1,"12":2,"13":2,"19":2,"22":0,"23":0,"24":0,"27":0,"31":1,"34":1,"35":5,"37":5,"38":0,"41":5}},"/home/travis/build/npmtest/node-npmtest-semantic-release/node_modules/semantic-release/src/lib/plugin-noop.js":{"path":"/home/travis/build/npmtest/node-npmtest-semantic-release/node_modules/semantic-release/src/lib/plugin-noop.js","s":{"1":1,"2":0},"b":{},"f":{"1":0},"fnMap":{"1":{"name":"(anonymous_1)","line":2,"loc":{"start":{"line":2,"column":17},"end":{"line":2,"column":48}}}},"statementMap":{"1":{"start":{"line":2,"column":0},"end":{"line":4,"column":1}},"2":{"start":{"line":3,"column":2},"end":{"line":3,"column":10}}},"branchMap":{},"code":["/* istanbul ignore next */","module.exports = function (config, options, cb) {","  cb(null)","}",""],"l":{"2":1,"3":0}},"/home/travis/build/npmtest/node-npmtest-semantic-release/node_modules/semantic-release/src/post.js":{"path":"/home/travis/build/npmtest/node-npmtest-semantic-release/node_modules/semantic-release/src/post.js","s":{"1":1,"2":1,"3":1,"4":1,"5":1,"6":0,"7":0,"8":0,"9":0,"10":0,"11":0,"12":0,"13":0,"14":0,"15":0,"16":0,"17":0,"18":0,"19":0,"20":0,"21":0,"22":0,"23":0,"24":0,"25":0},"b":{"1":[0,0],"2":[0,0],"3":[0,0],"4":[0,0],"5":[0,0],"6":[0,0],"7":[0,0],"8":[0,0],"9":[0,0]},"f":{"1":0,"2":0,"3":0,"4":0},"fnMap":{"1":{"name":"(anonymous_1)","line":7,"loc":{"start":{"line":7,"column":17},"end":{"line":7,"column":39}}},"2":{"name":"(anonymous_2)","line":21,"loc":{"start":{"line":21,"column":32},"end":{"line":21,"column":52}}},"3":{"name":"(anonymous_3)","line":24,"loc":{"start":{"line":24,"column":12},"end":{"line":24,"column":33}}},"4":{"name":"(anonymous_4)","line":47,"loc":{"start":{"line":47,"column":45},"end":{"line":47,"column":60}}}},"statementMap":{"1":{"start":{"line":1,"column":0},"end":{"line":1,"column":24}},"2":{"start":{"line":3,"column":0},"end":{"line":3,"column":33}},"3":{"start":{"line":4,"column":0},"end":{"line":4,"column":33}},"4":{"start":{"line":5,"column":0},"end":{"line":5,"column":58}},"5":{"start":{"line":7,"column":0},"end":{"line":54,"column":1}},"6":{"start":{"line":8,"column":2},"end":{"line":8,"column":22}},"7":{"start":{"line":9,"column":2},"end":{"line":9,"column":30}},"8":{"start":{"line":10,"column":2},"end":{"line":10,"column":30}},"9":{"start":{"line":11,"column":2},"end":{"line":11,"column":70}},"10":{"start":{"line":13,"column":2},"end":{"line":19,"column":4}},"11":{"start":{"line":21,"column":2},"end":{"line":53,"column":4}},"12":{"start":{"line":22,"column":4},"end":{"line":22,"column":27}},"13":{"start":{"line":22,"column":13},"end":{"line":22,"column":27}},"14":{"start":{"line":24,"column":4},"end":{"line":52,"column":6}},"15":{"start":{"line":25,"column":6},"end":{"line":25,"column":29}},"16":{"start":{"line":25,"column":15},"end":{"line":25,"column":29}},"17":{"start":{"line":27,"column":6},"end":{"line":27,"column":48}},"18":{"start":{"line":28,"column":6},"end":{"line":36,"column":7}},"19":{"start":{"line":38,"column":6},"end":{"line":40,"column":7}},"20":{"start":{"line":39,"column":8},"end":{"line":39,"column":39}},"21":{"start":{"line":42,"column":6},"end":{"line":45,"column":8}},"22":{"start":{"line":47,"column":6},"end":{"line":51,"column":8}},"23":{"start":{"line":48,"column":8},"end":{"line":48,"column":31}},"24":{"start":{"line":48,"column":17},"end":{"line":48,"column":31}},"25":{"start":{"line":50,"column":8},"end":{"line":50,"column":31}}},"branchMap":{"1":{"line":11,"type":"cond-expr","locations":[{"start":{"line":11,"column":37},"end":{"line":11,"column":65}},{"start":{"line":11,"column":68},"end":{"line":11,"column":70}}]},"2":{"line":16,"type":"binary-expr","locations":[{"start":{"line":16,"column":14},"end":{"line":16,"column":53}},{"start":{"line":16,"column":57},"end":{"line":16,"column":61}}]},"3":{"line":16,"type":"binary-expr","locations":[{"start":{"line":16,"column":15},"end":{"line":16,"column":32}},{"start":{"line":16,"column":36},"end":{"line":16,"column":38}}]},"4":{"line":18,"type":"binary-expr","locations":[{"start":{"line":18,"column":16},"end":{"line":18,"column":43}},{"start":{"line":18,"column":47},"end":{"line":18,"column":51}}]},"5":{"line":22,"type":"if","locations":[{"start":{"line":22,"column":4},"end":{"line":22,"column":4}},{"start":{"line":22,"column":4},"end":{"line":22,"column":4}}]},"6":{"line":25,"type":"if","locations":[{"start":{"line":25,"column":6},"end":{"line":25,"column":6}},{"start":{"line":25,"column":6},"end":{"line":25,"column":6}}]},"7":{"line":38,"type":"if","locations":[{"start":{"line":38,"column":6},"end":{"line":38,"column":6}},{"start":{"line":38,"column":6},"end":{"line":38,"column":6}}]},"8":{"line":38,"type":"binary-expr","locations":[{"start":{"line":38,"column":10},"end":{"line":38,"column":23}},{"start":{"line":38,"column":27},"end":{"line":38,"column":47}}]},"9":{"line":48,"type":"if","locations":[{"start":{"line":48,"column":8},"end":{"line":48,"column":8}},{"start":{"line":48,"column":8},"end":{"line":48,"column":8}}]}},"code":["var url = require('url')","","var gitHead = require('git-head')","var GitHubApi = require('github')","var parseSlug = require('@bahmutov/parse-github-repo-url')","","module.exports = function (config, cb) {","  var pkg = config.pkg","  var options = config.options","  var plugins = config.plugins","  var ghConfig = options.githubUrl ? url.parse(options.githubUrl) : {}","","  var github = new GitHubApi({","    version: '3.0.0',","    port: ghConfig.port,","    protocol: (ghConfig.protocol || '').split(':')[0] || null,","    host: ghConfig.hostname,","    pathPrefix: options.githubApiPathPrefix || null","  })","","  plugins.generateNotes(config, function (err, log) {","    if (err) return cb(err)","","    gitHead(function (err, hash) {","      if (err) return cb(err)","","      var ghRepo = parseSlug(pkg.repository.url)","      var release = {","        owner: ghRepo[0],","        repo: ghRepo[1],","        name: 'v' + pkg.version,","        tag_name: 'v' + pkg.version,","        target_commitish: hash,","        draft: !!options.debug,","        body: log","      }","","      if (options.debug && !options.githubToken) {","        return cb(null, false, release)","      }","","      github.authenticate({","        type: 'oauth',","        token: options.githubToken","      })","","      github.releases.createRelease(release, function (err) {","        if (err) return cb(err)","","        cb(null, true, release)","      })","    })","  })","}",""],"l":{"1":1,"3":1,"4":1,"5":1,"7":1,"8":0,"9":0,"10":0,"11":0,"13":0,"21":0,"22":0,"24":0,"25":0,"27":0,"28":0,"38":0,"39":0,"42":0,"47":0,"48":0,"50":0}},"/home/travis/build/npmtest/node-npmtest-semantic-release/node_modules/semantic-release/src/pre.js":{"path":"/home/travis/build/npmtest/node-npmtest-semantic-release/node_modules/semantic-release/src/pre.js","s":{"1":1,"2":1,"3":1,"4":1,"5":1,"6":1,"7":0,"8":0,"9":0,"10":0,"11":0,"12":0,"13":0,"14":0,"15":0,"16":0,"17":0},"b":{"1":[0,0],"2":[0,0],"3":[0,0]},"f":{"1":0,"2":0,"3":0,"4":0,"5":0},"fnMap":{"1":{"name":"(anonymous_1)","line":8,"loc":{"start":{"line":8,"column":17},"end":{"line":8,"column":39}}},"2":{"name":"(anonymous_2)","line":13,"loc":{"start":{"line":13,"column":29},"end":{"line":13,"column":52}}},"3":{"name":"(anonymous_3)","line":19,"loc":{"start":{"line":19,"column":37},"end":{"line":19,"column":60}}},"4":{"name":"(anonymous_4)","line":26,"loc":{"start":{"line":26,"column":5},"end":{"line":26,"column":29}}},"5":{"name":"(anonymous_5)","line":40,"loc"
[...]
:0},"end":{"line":2,"column":30}},"3":{"start":{"line":3,"column":0},"end":{"line":3,"column":30}},"4":{"start":{"line":5,"column":0},"end":{"line":5,"column":41}},"5":{"start":{"line":6,"column":0},"end":{"line":6,"column":35}},"6":{"start":{"line":8,"column":0},"end":{"line":45,"column":1}},"7":{"start":{"line":9,"column":2},"end":{"line":9,"column":30}},"8":{"start":{"line":11,"column":2},"end":{"line":44,"column":4}},"9":{"start":{"line":14,"column":6},"end":{"line":17,"column":9}},"10":{"start":{"line":20,"column":6},"end":{"line":24,"column":9}},"11":{"start":{"line":27,"column":4},"end":{"line":27,"column":27}},"12":{"start":{"line":27,"column":13},"end":{"line":27,"column":27}},"13":{"start":{"line":29,"column":4},"end":{"line":34,"column":5}},"14":{"start":{"line":36,"column":4},"end":{"line":43,"column":6}},"15":{"start":{"line":41,"column":6},"end":{"line":41,"column":29}},"16":{"start":{"line":41,"column":15},"end":{"line":41,"column":29}},"17":{"start":{"line":42,"column":6},"end":{"line":42,"column":27}}},"branchMap":{"1":{"line":27,"type":"if","locations":[{"start":{"line":27,"column":4},"end":{"line":27,"column":4}},{"start":{"line":27,"column":4},"end":{"line":27,"column":4}}]},"2":{"line":31,"type":"cond-expr","locations":[{"start":{"line":32,"column":10},"end":{"line":32,"column":17}},{"start":{"line":33,"column":10},"end":{"line":33,"column":63}}]},"3":{"line":41,"type":"if","locations":[{"start":{"line":41,"column":6},"end":{"line":41,"column":6}},{"start":{"line":41,"column":6},"end":{"line":41,"column":6}}]}},"code":["var _ = require('lodash')","var auto = require('run-auto')","var semver = require('semver')","","var getCommits = require('./lib/commits')","var getType = require('./lib/type')","","module.exports = function (config, cb) {","  var plugins = config.plugins","","  auto({","    lastRelease: plugins.getLastRelease.bind(null, config),","    commits: ['lastRelease', function (results, cb) {","      getCommits(_.assign({","        lastRelease: results.lastRelease","      }, config),","      cb)","    }],","    type: ['commits', 'lastRelease', function (results, cb) {","      getType(_.assign({","        commits: results.commits,","        lastRelease: results.lastRelease","      }, config),","      cb)","    }]","  }, function (err, results) {","    if (err) return cb(err)","","    var nextRelease = {","      type: results.type,","      version: results.type === 'initial'","        ? '1.0.0'","        : semver.inc(results.lastRelease.version, results.type)","    }","","    plugins.verifyRelease(_.assign({","      commits: results.commits,","      lastRelease: results.lastRelease,","      nextRelease: nextRelease","    }, config), function (err) {","      if (err) return cb(err)","      cb(null, nextRelease)","    })","  })","}",""],"l":{"1":1,"2":1,"3":1,"5":1,"6":1,"8":1,"9":0,"11":0,"14":0,"20":0,"27":0,"29":0,"36":0,"41":0,"42":0}},"/home/travis/build/npmtest/node-npmtest-semantic-release/node_modules/semantic-release/src/lib/commits.js":{"path":"/home/travis/build/npmtest/node-npmtest-semantic-release/node_modules/semantic-release/src/lib/commits.js","s":{"1":1,"2":1,"3":1,"4":1,"5":0,"6":0,"7":0,"8":0,"9":0,"10":0,"11":0,"12":0,"13":0,"14":0,"15":0,"16":0,"17":0,"18":0,"19":0,"20":0,"21":0,"22":0,"23":0,"24":0,"25":0,"26":1,"27":0,"28":0,"29":0,"30":0,"31":0,"32":0,"33":0},"b":{"1":[0,0],"2":[0,0],"3":[0,0],"4":[0,0],"5":[0,0],"6":[0,0],"7":[0,0],"8":[0,0],"9":[0,0]},"f":{"1":0,"2":0,"3":0,"4":0,"5":0,"6":0,"7":0,"8":0},"fnMap":{"1":{"name":"(anonymous_1)","line":7,"loc":{"start":{"line":7,"column":17},"end":{"line":7,"column":39}}},"2":{"name":"(anonymous_2)","line":16,"loc":{"start":{"line":16,"column":40},"end":{"line":16,"column":63}}},"3":{"name":"(anonymous_3)","line":22,"loc":{"start":{"line":22,"column":11},"end":{"line":22,"column":29}}},"4":{"name":"(anonymous_4)","line":29,"loc":{"start":{"line":29,"column":14},"end":{"line":29,"column":32}}},"5":{"name":"extract","line":49,"loc":{"start":{"line":49,"column":2},"end":{"line":49,"column":22}}},"6":{"name":"(anonymous_6)","line":55,"loc":{"start":{"line":55,"column":6},"end":{"line":55,"column":29}}},"7":{"name":"(anonymous_7)","line":60,"loc":{"start":{"line":60,"column":16},"end":{"line":60,"column":31}}},"8":{"name":"(anonymous_8)","line":64,"loc":{"start":{"line":64,"column":13},"end":{"line":64,"column":28}}}},"statementMap":{"1":{"start":{"line":1,"column":0},"end":{"line":1,"column":40}},"2":{"start":{"line":3,"column":0},"end":{"line":3,"column":27}},"3":{"start":{"line":5,"column":0},"end":{"line":5,"column":61}},"4":{"start":{"line":7,"column":0},"end":{"line":74,"column":1}},"5":{"start":{"line":8,"column":2},"end":{"line":8,"column":38}},"6":{"start":{"line":9,"column":2},"end":{"line":9,"column":30}},"7":{"start":{"line":10,"column":2},"end":{"line":10,"column":29}},"8":{"start":{"line":11,"column":2},"end":{"line":11,"column":32}},"9":{"start":{"line":12,"column":2},"end":{"line":12,"column":48}},"10":{"start":{"line":14,"column":2},"end":{"line":14,"column":29}},"11":{"start":{"line":14,"column":13},"end":{"line":14,"column":29}},"12":{"start":{"line":16,"column":2},"end":{"line":47,"column":4}},"13":{"start":{"line":17,"column":4},"end":{"line":17,"column":25}},"14":{"start":{"line":18,"column":4},"end":{"line":18,"column":16}},"15":{"start":{"line":20,"column":4},"end":{"line":32,"column":5}},"16":{"start":{"line":21,"column":6},"end":{"line":31,"column":8}},"17":{"start":{"line":23,"column":8},"end":{"line":26,"column":9}},"18":{"start":{"line":24,"column":10},"end":{"line":24,"column":26}},"19":{"start":{"line":25,"column":10},"end":{"line":25,"column":21}},"20":{"start":{"line":27,"column":8},"end":{"line":27,"column":28}},"21":{"start":{"line":30,"column":8},"end":{"line":30,"column":23}},"22":{"start":{"line":34,"column":4},"end":{"line":44,"column":5}},"23":{"start":{"line":35,"column":6},"end":{"line":42,"column":8}},"24":{"start":{"line":43,"column":6},"end":{"line":43,"column":83}},"25":{"start":{"line":46,"column":4},"end":{"line":46,"column":13}},"26":{"start":{"line":49,"column":2},"end":{"line":73,"column":3}},"27":{"start":{"line":50,"column":4},"end":{"line":72,"column":5}},"28":{"start":{"line":56,"column":8},"end":{"line":56,"column":31}},"29":{"start":{"line":56,"column":17},"end":{"line":56,"column":31}},"30":{"start":{"line":58,"column":8},"end":{"line":70,"column":11}},"31":{"start":{"line":61,"column":10},"end":{"line":61,"column":29}},"32":{"start":{"line":65,"column":10},"end":{"line":65,"column":43}},"33":{"start":{"line":66,"column":10},"end":{"line":69,"column":11}}},"branchMap":{"1":{"line":12,"type":"cond-expr","locations":[{"start":{"line":12,"column":22},"end":{"line":12,"column":33}},{"start":{"line":12,"column":36},"end":{"line":12,"column":38}}]},"2":{"line":14,"type":"if","locations":[{"start":{"line":14,"column":2},"end":{"line":14,"column":2}},{"start":{"line":14,"column":2},"end":{"line":14,"column":2}}]},"3":{"line":20,"type":"if","locations":[{"start":{"line":20,"column":4},"end":{"line":20,"column":4}},{"start":{"line":20,"column":4},"end":{"line":20,"column":4}}]},"4":{"line":20,"type":"binary-expr","locations":[{"start":{"line":20,"column":8},"end":{"line":20,"column":12}},{"start":{"line":20,"column":16},"end":{"line":20,"column":22}}]},"5":{"line":23,"type":"if","locations":[{"start":{"line":23,"column":8},"end":{"line":23,"column":8}},{"start":{"line":23,"column":8},"end":{"line":23,"column":8}}]},"6":{"line":34,"type":"if","locations":[{"start":{"line":34,"column":4},"end":{"line":34,"column":4}},{"start":{"line":34,"column":4},"end":{"line":34,"column":4}}]},"7":{"line":39,"type":"cond-expr","locations":[{"start":{"line":40,"column":10},"end":{"line":40,"column":114}},{"start":{"line":41,"column":10},"end":{"line":41,"column":12}}]},"8":{"line":39,"type":"binary-expr","locations":[{"start":{"line":39,"column":108},"end":{"line":39,"column":116}},{"start":{"line":39,"column":120},"end":{"line":39,"column":135}}]},"9":{"line":56,"type":"if","locations":[{"start":{"line":56,"column":8},"end":{"line":56,"column":8}},{"start":{"line":56,"column":8},"end":{"line":56,"column":8}}]}},"code":["var exec = require('child_process').exec","","var log = require('npmlog')","","var SemanticReleaseError = require('@semantic-release/error')","","module.exports = function (config, cb) {","  var lastRelease = config.lastRelease","  var options = config.options","  var branch = options.branch","  var from = lastRelease.gitHead","  var range = (from ? from + '..' : '') + 'HEAD'","","  if (!from) return extract()","","  exec('git branch --contains ' + from, function (err, stdout) {","    var inHistory = false","    var branches","","    if (!err && stdout) {","      branches = stdout.split('\\n')","      .map(function (result) {","        if (branch === result.replace('*', '').trim()) {","          inHistory = true","          return null","        }","        return result.trim()","      })","      .filter(function (branch) {","        return !!branch","      })","    }","","    if (!inHistory) {","      log.error('commits',","        'The commit the last release of this package was derived from is not in the direct history of the \"' + branch + '\" branch.\\n' +","        'This means semantic-release can not extract the commits between now and then.\\n' +","        'This is usually caused by force pushing, releasing from an unrelated branch, or using an already existing package name.\\n' +","        'You can recover from this error by publishing manually or restoring the commit \"' + from + '\".' + (branches && branches.length","        ? '\\nHere is a list of branches that still contain the commit in question: \\n * ' + branches.join('\\n * ')","        : ''","      ))","      return cb(new SemanticReleaseError('Commit not in history', 'ENOTINHISTORY'))","    }","","    extract()","  })","","  function extract () {","    exec(","      'git log -E --format=%H==SPLIT==%B==END== ' + range,","      {","        maxBuffer: 1024 * 1024 // 1MB instead of 220KB (issue #286)","      },","      function (err, stdout) {","        if (err) return cb(err)","","        cb(null, String(stdout).split('==END==\\n')","","        .filter(function (raw) {","          return !!raw.trim()","        })","","        .map(function (raw) {","          var data = raw.split('==SPLIT==')","          return {","            hash: data[0],","            message: data[1]","          }","        }))","      }","    )","  }","}",""],"l":{"1":1,"3":1,"5":1,"7":1,"8":0,"9":0,"10":0,"11":0,"12":0,"14":0,"16":0,"17":0,"18":0,"20":0,"21":0,"23":0,"24":0,"25":0,"27":0,"30":0,"34":0,"35":0,"43":0,"46":0,"49":1,"50":0,"56":0,"58":0,"61":0,"65":0,"66":0}},"/home/travis/build/npmtest/node-npmtest-semantic-release/node_modules/semantic-release/src/lib/type.js":{"path":"/home/travis/build/npmtest/node-npmtest-semantic-release/node_modules/semantic-release/src/lib/type.js","s":{"1":1,"2":1,"3":0,"4":0,"5":0,"6":0,"7":0,"8":0,"9":0,"10":0,"11":0,"12":0},"b":{"1":[0,0],"2":[0,0],"3":[0,0]},"f":{"1":0,"2":0},"fnMap":{"1":{"name":"(anonymous_1)","line":3,"loc":{"start":{"line":3,"column":17},"end":{"line":3,"column":39}}},"2":{"name":"(anonymous_2)","line":7,"loc":{"start":{"line":7,"column":33},"end":{"line":7,"column":54}}}},"statementMap":{"1":{"start":{"line":1,"column":0},"end":{"line":1,"column":61}},"2":{"start":{"line":3,"column":0},"end":{"line":21,"column":1}},"3":{"start":{"line":4,"column":2},"end":{"line":4,"column":30}},"4":{"start":{"line":5,"column":2},"end":{"line":5,"column":38}},"5":{"start":{"line":7,"column":2},"end":{"line":20,"column":4}},"6":{"start":{"line":8,"column":4},"end":{"line":8,"column":27}},"7":{"start":{"line":8,"column":13},"end":{"line":8,"column":27}},"8":{"start":{"line":10,"column":4},"end":{"line":15,"column":5}},"9":{"start":{"line":11,"column":6},"end":{"line":14,"column":8}},"10":{"start":{"line":17,"column":4},"end":{"line":17,"column":56}},"11":{"start":{"line":17,"column":30},"end":{"line":17,"column":56}},"12":{"start":{"line":19,"column":4},"end":{"line":19,"column":18}}},"branchMap":{"1":{"line":8,"type":"if","locations":[{"start":{"line":8,"column":4},"end":{"line":8,"column":4}},{"start":{"line":8,"column":4},"end":{"line":8,"column":4}}]},"2":{"line":10,"type":"if","locations":[{"start":{"line":10,"column":4},"end":{"line":10,"column":4}},{"start":{"line":10,"column":4},"end":{"line":10,"column":4}}]},"3":{"line":17,"type":"if","locations":[{"start":{"line":17,"column":4},"end":{"line":17,"column":4}},{"start":{"line":17,"column":4},"end":{"line":17,"column":4}}]}},"code":["var SemanticReleaseError = require('@semantic-release/error')","","module.exports = function (config, cb) {","  var plugins = config.plugins","  var lastRelease = config.lastRelease","","  plugins.analyzeCommits(config, function (err, type) {","    if (err) return cb(err)","","    if (!type) {","      return cb(new SemanticReleaseError(","        'There are no relevant changes, so no new version is released.',","        'ENOCHANGE'","      ))","    }","","    if (!lastRelease.version) return cb(null, 'initial')","","    cb(null, type)","  })","}",""],"l":{"1":1,"3":1,"4":0,"5":0,"7":0,"8":0,"10":0,"11":0,"17":0,"19":0}},"/home/travis/build/npmtest/node-npmtest-semantic-release/node_modules/semantic-release/src/lib/get-registry.js":{"path":"/home/travis/build/npmtest/node-npmtest-semantic-release/node_modules/semantic-release/src/lib/get-registry.js","s":{"1":1,"2":1,"3":0,"4":1,"5":1,"6":0,"7":0,"8":0,"9":0,"10":0},"b":{"1":[0,1],"2":[1,0],"3":[1,0],"4":[1,0],"5":[0,0],"6":[0,0]},"f":{"1":1},"fnMap":{"1":{"name":"(anonymous_1)","line":1,"loc":{"start":{"line":1,"column":17},"end":{"line":1,"column":38}}}},"statementMap":{"1":{"start":{"line":1,"column":0},"end":{"line":12,"column":1}},"2":{"start":{"line":2,"column":2},"end":{"line":2,"column":88}},"3":{"start":{"line":2,"column":55},"end":{"line":2,"column":88}},"4":{"start":{"line":4,"column":2},"end":{"line":4,"column":87}},"5":{"start":{"line":4,"column":27},"end":{"line":4,"column":87}},"6":{"start":{"line":6,"column":2},"end":{"line":6,"column":36}},"7":{"start":{"line":7,"column":2},"end":{"line":7,"column":52}},"8":{"start":{"line":9,"column":2},"end":{"line":9,"column":43}},"9":{"start":{"line":9,"column":22},"end":{"line":9,"column":43}},"10":{"start":{"line":11,"column":2},"end":{"line":11,"column":62}}},"branchMap":{"1":{"line":2,"type":"if","locations":[{"start":{"line":2,"column":2},"end":{"line":2,"column":2}},{"start":{"line":2,"column":2},"end":{"line":2,"column":2}}]},"2":{"line":2,"type":"binary-expr","locations":[{"start":{"line":2,"column":6},"end":{"line":2,"column":23}},{"start":{"line":2,"column":27},"end":{"line":2,"column":53}}]},"3":{"line":4,"type":"if","locations":[{"start":{"line":4,"column":2},"end":{"line":4,"column":2}},{"start":{"line":4,"column":2},"end":{"line":4,"column":2}}]},"4":{"line":4,"type":"binary-expr","locations":[{"start":{"line":4,"column":34},"end":{"line":4,"column":54}},{"start":{"line":4,"column":58},"end":{"line":4,"column":87}}]},"5":{"line":9,"type":"if","locations":[{"start":{"line":9,"column":2},"end":{"line":9,"column":2}},{"start":{"line":9,"column":2},"end":{"line":9,"column":2}}]},"6":{"line":11,"type":"binary-expr","locations":[{"start":{"line":11,"column":9},"end":{"line":11,"column":29}},{"start":{"line":11,"column":33},"end":{"line":11,"column":62}}]}},"code":["module.exports = function (pkg, conf) {","  if (pkg.publishConfig && pkg.publishConfig.registry) return pkg.publishConfig.registry","","  if (pkg.name[0] !== '@') return conf.get('registry') || 'https://registry.npmjs.org/'","","  var scope = pkg.name.split('/')[0]","  var scopedRegistry = conf.get(scope + '/registry')","","  if (scopedRegistry) return scopedRegistry","","  return conf.get('registry') || 'https://registry.npmjs.org/'","}",""],"l":{"1":1,"2":1,"4":1,"6":0,"7":0,"9":0,"11":0}},"/home/travis/build/npmtest/node-npmtest-semantic-release/node_modules/semantic-release/src/lib/verify.js":{"path":"/home/travis/build/npmtest/node-npmtest-semantic-release/node_modules/semantic-release/src/lib/verify.js","s":{"1":1,"2":1,"3":1,"4":1,"5":1,"6":1,"7":1,"8":0,"9":1,"10":0,"11":1,"12":0,"13":1,"14":1,"15":1,"16":1,"17":1},"b":{"1":[0,1],"2":[0,1],"3":[1,1],"4":[0,1],"5":[1,0],"6":[1,0],"7":[1,1,0]},"f":{"1":1},"fnMap":{"1":{"name":"(anonymous_1)","line":3,"loc":{"start":{"line":3,"column":17},"end":{"line":3,"column":35}}}},"statementMap":{"1":{"start":{"line":1,"column":0},"end":{"line":1,"column":61}},"2":{"start":{"line":3,"column":0},"end":{"line":40,"column":1}},"3":{"start":{"line":4,"column":2},"end":{"line":4,"column":22}},"4":{"start":{"line":5,"column":2},"end":{"line":5,"column":30}},"5":{"start":{"line":6,"column":2},"end":{"line":6,"column":22}},"6":{"start":{"line":7,"column":2},"end":{"line":7,"column":17}},"7":{"start":{"line":9,"column":2},"end":{"line":14,"column":3}},"8":{"start":{"line":10,"column":4},"end":{"line":13,"column":6}},"9":{"start":{"line":16,"column":2},"end":{"line":21,"column":3}},"10":{"start":{"line":17,"column":4},"end":{"line":20,"column":6}},"11":{"start":{"line":23,"column":2},"end":{"line":23,"column":34}},"12":{"start":{"line":23,"column":21},"end":{"line":23,"column":34}},"13":{"start":{"line":25,"column":2},"end":{"line":30,"column":3}},"14":{"start":{"line":26,"column":4},"end":{"line":29,"column":6}},"15":{"start":{"line":32,"column":2},"end":{"line":37,"column":3}},"16":{"start":{"line":33,"column":4},"end":{"line":36,"column":6}},"17":{"start":{"line":39,"column":2},"end":{"line":39,"column":15}}},"branchMap":{"1":{"line":9,"type":"if","locations":[{"start":{"line":9,"column":2},"end":{"line":9,"column":2}},{"start":{"line":9,"column":2},"end":{"line":9,"column":2}}]},"2":{"line":16,"type":"if","locations":[{"start":{"line":16,"column":2},"end":{"line":16,"column":2}},{"start":{"line":16,"column":2},"end":{"line":16,"column":2}}]},"3":{"line":16,"type":"binary-expr","locations":[{"start":{"line":16,"column":6},"end":{"line":16,"column":21}},{"start":{"line":16,"column":25},"end":{"line":16,"column":44}}]},"4":{"line":23,"type":"if","locations":[{"start":{"line":23,"column":2},"end":{"line":23,"column":2}},{"start":{"line":23,"column":2},"end":{"line":23,"column":2}}]},"5":{"line":25,"type":"if","locations":[{"start":{"line":25,"column":2},"end":{"line":25,"column":2}},{"start":{"line":25,"column":2},"end":{"line":25,"column":2}}]},"6":{"line":32,"type":"if","locations":[{"start":{"line":32,"column":2},"end":{"line":32,"column":2}},{"start":{"line":32,"column":2},"end":{"line":32,"column":2}}]},"7":{"line":32,"type":"binary-expr","locations":[{"start":{"line":32,"column":8},"end":{"line":32,"column":21}},{"start":{"line":32,"column":26},"end":{"line":32,"column":43}},{"start":{"line":32,"column":47},"end":{"line":32,"column":60}}]}},"code":["var SemanticReleaseError = require('@semantic-release/error')","","module.exports = function (config) {","  var pkg = config.pkg","  var options = config.options","  var env = config.env","  var errors = []","","  if (!pkg.name) {","    errors.push(new SemanticReleaseError(","      'No \"name\" found in package.json.',","      'ENOPKGNAME'","    ))","  }","","  if (!pkg.repository || !pkg.repository.url) {","    errors.push(new SemanticReleaseError(","      'No \"repository\" found in package.json.',","      'ENOPKGREPO'","    ))","  }","","  if (options.debug) return errors","","  if (!options.githubToken) {","    errors.push(new SemanticReleaseError(","      'No github token specified.',","      'ENOGHTOKEN'","    ))","  }","","  if (!(env.NPM_TOKEN || (env.NPM_OLD_TOKEN && env.NPM_EMAIL))) {","    errors.push(new SemanticReleaseError(","      'No npm token specified.',","      'ENONPMTOKEN'","    ))","  }","","  return errors","}",""],"l":{"1":1,"3":1,"4":1,"5":1,"6":1,"7":1,"9":1,"10":0,"16":1,"17":0,"23":1,"25":1,"26":1,"32":1,"33":1,"39":1}}}